2025-06-12 19:59:47,126 [INFO] noaa_dashboard - [APP] Initializing Dash NOAA Weather Dashboard...
2025-06-12 19:59:47,145 [INFO] dash.dash - Dash is running on http://0.0.0.0:8050/

2025-06-12 19:59:48,555 [INFO] noaa_dashboard - [APP] Initializing Dash NOAA Weather Dashboard...
2025-06-12 19:59:52,517 [INFO] noaa_dashboard - [DASHBOARD] update_dashboard triggered
2025-06-12 19:59:52,518 [INFO] noaa_dashboard - n_clicks 2, City: New York, NY, Data type: TAVG, Start date: 2023-01-01, End date: 2025-01-01
2025-06-12 19:59:54,239 [INFO] noaa_dashboard - Chrome WebDriver initialized.
2025-06-12 19:59:54,244 [INFO] noaa_dashboard - Scraping started for city: New York, NY, type: TAVG
2025-06-12 19:59:54,244 [INFO] noaa_dashboard - [DEBUG] Called scrape_and_download with: city=New York, NY, type=TAVG, start=2023-01-01, end=2025-01-01
2025-06-12 20:00:17,331 [ERROR] noaa_dashboard - Scraping error: Message: invalid session id: session deleted as the browser has closed the connection
from disconnected: not connected to DevTools
  (Session info: chrome=137.0.7151.69)
Stacktrace:
	GetHandleVerifier [0x0x7ff79992fe75+79173]
	GetHandleVerifier [0x0x7ff79992fed0+79264]
	(No symbol) [0x0x7ff7996e9e5a]
	(No symbol) [0x0x7ff7996d5c25]
	(No symbol) [0x0x7ff7996fac44]
	(No symbol) [0x0x7ff7997703c5]
	(No symbol) [0x0x7ff799790922]
	(No symbol) [0x0x7ff799768743]
	(No symbol) [0x0x7ff7997314c1]
	(No symbol) [0x0x7ff799732253]
	GetHandleVerifier [0x0x7ff799bfa2ad+3004797]
	GetHandleVerifier [0x0x7ff799bf46fd+2981325]
	GetHandleVerifier [0x0x7ff799c13350+3107360]
	GetHandleVerifier [0x0x7ff79994a9fe+188622]
	GetHandleVerifier [0x0x7ff79995228f+219487]
	GetHandleVerifier [0x0x7ff799938dc4+115860]
	GetHandleVerifier [0x0x7ff799938f79+116297]
	GetHandleVerifier [0x0x7ff79991f528+11256]
	BaseThreadInitThunk [0x0x7ffd5bbce8d7+23]
	RtlUserThreadStart [0x0x7ffd5ce3c34c+44]
Traceback (most recent call last):
  File "D:\MyProjects\CTD\PY\noaa_dashboard\app\scraper.py", line 131, in scrape_and_download
    wait.until(lambda d: d.execute_script(
  File "D:\MyProjects\CTD\PY\noaa_dashboard\.venv\Lib\site-packages\selenium\webdriver\support\wait.py", line 129, in until
    value = method(self._driver)
            ^^^^^^^^^^^^^^^^^^^^
  File "D:\MyProjects\CTD\PY\noaa_dashboard\app\scraper.py", line 131, in <lambda>
    wait.until(lambda d: d.execute_script(
                         ^^^^^^^^^^^^^^^^^
  File "D:\MyProjects\CTD\PY\noaa_dashboard\.venv\Lib\site-packages\selenium\webdriver\remote\webdriver.py", line 544, in execute_script
    return self.execute(command, {"script": script, "args": converted_args})["value"]
           ^^^^^^^^^^^^^^^^^^^^^^^^^^^^^^^^^^^^^^^^^^^^^^^^^^^^^^^^^^^^^^^^^
  File "D:\MyProjects\CTD\PY\noaa_dashboard\.venv\Lib\site-packages\selenium\webdriver\remote\webdriver.py", line 447, in execute
    self.error_handler.check_response(response)
  File "D:\MyProjects\CTD\PY\noaa_dashboard\.venv\Lib\site-packages\selenium\webdriver\remote\errorhandler.py", line 232, in check_response
    raise exception_class(message, screen, stacktrace)
selenium.common.exceptions.InvalidSessionIdException: Message: invalid session id: session deleted as the browser has closed the connection
from disconnected: not connected to DevTools
  (Session info: chrome=137.0.7151.69)
Stacktrace:
	GetHandleVerifier [0x0x7ff79992fe75+79173]
	GetHandleVerifier [0x0x7ff79992fed0+79264]
	(No symbol) [0x0x7ff7996e9e5a]
	(No symbol) [0x0x7ff7996d5c25]
	(No symbol) [0x0x7ff7996fac44]
	(No symbol) [0x0x7ff7997703c5]
	(No symbol) [0x0x7ff799790922]
	(No symbol) [0x0x7ff799768743]
	(No symbol) [0x0x7ff7997314c1]
	(No symbol) [0x0x7ff799732253]
	GetHandleVerifier [0x0x7ff799bfa2ad+3004797]
	GetHandleVerifier [0x0x7ff799bf46fd+2981325]
	GetHandleVerifier [0x0x7ff799c13350+3107360]
	GetHandleVerifier [0x0x7ff79994a9fe+188622]
	GetHandleVerifier [0x0x7ff79995228f+219487]
	GetHandleVerifier [0x0x7ff799938dc4+115860]
	GetHandleVerifier [0x0x7ff799938f79+116297]
	GetHandleVerifier [0x0x7ff79991f528+11256]
	BaseThreadInitThunk [0x0x7ffd5bbce8d7+23]
	RtlUserThreadStart [0x0x7ffd5ce3c34c+44]

2025-06-12 20:00:18,462 [INFO] noaa_dashboard - [DASHBOARD] update_dashboard triggered
2025-06-12 20:00:18,462 [INFO] noaa_dashboard - n_clicks 3, City: New York, NY, Data type: TAVG, Start date: 2023-01-01, End date: 2025-01-01
2025-06-12 20:00:19,417 [INFO] noaa_dashboard - WebDriver closed.
2025-06-12 20:00:19,907 [INFO] noaa_dashboard - Chrome WebDriver initialized.
2025-06-12 20:00:19,926 [INFO] noaa_dashboard - Scraping started for city: New York, NY, type: TAVG
2025-06-12 20:00:19,927 [INFO] noaa_dashboard - [DEBUG] Called scrape_and_download with: city=New York, NY, type=TAVG, start=2023-01-01, end=2025-01-01
2025-06-12 20:00:51,524 [ERROR] noaa_dashboard - Scraping error: Message: 
Traceback (most recent call last):
  File "D:\MyProjects\CTD\PY\noaa_dashboard\app\scraper.py", line 131, in scrape_and_download
    wait.until(lambda d: d.execute_script(
  File "D:\MyProjects\CTD\PY\noaa_dashboard\.venv\Lib\site-packages\selenium\webdriver\support\wait.py", line 138, in until
    raise TimeoutException(message, screen, stacktrace)
selenium.common.exceptions.TimeoutException: Message: 

2025-06-12 20:00:53,680 [INFO] noaa_dashboard - WebDriver closed.
2025-06-12 20:01:35,686 [INFO] noaa_dashboard - [APP] Initializing Dash NOAA Weather Dashboard...
2025-06-12 20:03:07,750 [INFO] noaa_dashboard - [APP] Initializing Dash NOAA Weather Dashboard...
2025-06-12 20:05:04,452 [INFO] noaa_dashboard - [DEBUG] update_visualization_controls - Visualization controls callback triggered!
2025-06-12 20:05:04,496 [INFO] noaa_dashboard - [DEBUG] update_charts called
2025-06-12 20:05:04,497 [WARNING] noaa_dashboard - No data received; preventing update
2025-06-12 20:05:47,844 [INFO] noaa_dashboard - Download button clicked: n_clicks=1
2025-06-12 20:05:47,844 [INFO] noaa_dashboard - Starting CSV download for city='San Jose, CA', data_type='TAVG', start_date='None', end_date='None'
2025-06-12 20:05:49,276 [INFO] noaa_dashboard - Chrome WebDriver initialized.
2025-06-12 20:05:49,276 [INFO] noaa_dashboard - Scraping started for city: San Jose, CA, type: TAVG
2025-06-12 20:05:49,277 [INFO] noaa_dashboard - [DEBUG] Called scrape_and_download with: city=San Jose, CA, type=TAVG, start=None, end=None
2025-06-12 20:06:17,394 [ERROR] noaa_dashboard - Scraping error: Message: 
Traceback (most recent call last):
  File "D:\MyProjects\CTD\PY\noaa_dashboard\app\scraper.py", line 119, in scrape_and_download
    wait.until(lambda d: d.execute_script(
  File "D:\MyProjects\CTD\PY\noaa_dashboard\.venv\Lib\site-packages\selenium\webdriver\support\wait.py", line 138, in until
    raise TimeoutException(message, screen, stacktrace)
selenium.common.exceptions.TimeoutException: Message: 

2025-06-12 20:06:19,571 [INFO] noaa_dashboard - WebDriver closed.
2025-06-12 20:06:19,572 [ERROR] noaa_dashboard - Download failed: Message: 
Traceback (most recent call last):
  File "D:\MyProjects\CTD\PY\noaa_dashboard\app\dashboard.py", line 572, in handle_download
    csv_url = scrape_and_download(city_name, data_type, start_date, end_date)
              ^^^^^^^^^^^^^^^^^^^^^^^^^^^^^^^^^^^^^^^^^^^^^^^^^^^^^^^^^^^^^^^
  File "D:\MyProjects\CTD\PY\noaa_dashboard\app\scraper.py", line 119, in scrape_and_download
    wait.until(lambda d: d.execute_script(
  File "D:\MyProjects\CTD\PY\noaa_dashboard\.venv\Lib\site-packages\selenium\webdriver\support\wait.py", line 138, in until
    raise TimeoutException(message, screen, stacktrace)
selenium.common.exceptions.TimeoutException: Message: 

2025-06-12 20:08:02,418 [INFO] noaa_dashboard - Download button clicked: n_clicks=2
2025-06-12 20:08:02,418 [INFO] noaa_dashboard - Starting CSV download for city='San Jose, CA', data_type='TAVG', start_date='None', end_date='None'
2025-06-12 20:08:04,184 [INFO] noaa_dashboard - [APP] Initializing Dash NOAA Weather Dashboard...
2025-06-12 20:08:14,155 [INFO] noaa_dashboard - [DEBUG] update_visualization_controls - Visualization controls callback triggered!
2025-06-12 20:08:14,200 [INFO] noaa_dashboard - [DEBUG] update_charts called
2025-06-12 20:08:14,201 [WARNING] noaa_dashboard - No data received; preventing update
2025-06-12 20:08:23,919 [INFO] noaa_dashboard - Download button clicked: n_clicks=1
2025-06-12 20:08:23,920 [INFO] noaa_dashboard - Starting CSV download for city='San Jose, CA', data_type='TAVG', start_date='None', end_date='None'
2025-06-12 20:08:25,350 [INFO] noaa_dashboard - Chrome WebDriver initialized.
2025-06-12 20:08:25,357 [INFO] noaa_dashboard - Scraping started for city: San Jose, CA, type: TAVG
2025-06-12 20:08:25,357 [INFO] noaa_dashboard - [DEBUG] Called scrape_and_download with: city=San Jose, CA, type=TAVG, start=None, end=None
2025-06-12 20:08:32,761 [INFO] noaa_dashboard - Location badge confirmed: 37.536,-122.089,37.134,-121.687
2025-06-12 20:08:32,778 [WARNING] noaa_dashboard - No search results were found based on your criteria
2025-06-12 20:08:34,923 [INFO] noaa_dashboard - WebDriver closed.
2025-06-12 20:08:34,923 [WARNING] noaa_dashboard - CSV URL invalid or error message received: No search results were found based on your criteria
2025-06-12 21:41:15,216 [INFO] noaa_dashboard - [APP] Initializing Dash NOAA Weather Dashboard...
2025-06-12 21:42:31,785 [INFO] noaa_dashboard - [APP] Initializing Dash NOAA Weather Dashboard...
2025-06-12 21:43:27,512 [INFO] noaa_dashboard - Download button clicked: n_clicks=3
2025-06-12 21:43:27,513 [INFO] noaa_dashboard - Starting CSV download for city='San Jose, CA', data_type='TAVG', start_date='None', end_date='None'
2025-06-12 21:43:29,113 [INFO] noaa_dashboard - Chrome WebDriver initialized.
2025-06-12 21:43:29,113 [INFO] noaa_dashboard - Scraping started for city: San Jose, CA, type: TAVG
2025-06-12 21:43:29,113 [INFO] noaa_dashboard - [DEBUG] Called scrape_and_download with: city=San Jose, CA, type=TAVG, start=None, end=None
2025-06-12 21:43:36,498 [INFO] noaa_dashboard - Location badge confirmed: 37.536,-122.089,37.134,-121.687
2025-06-12 21:43:36,513 [WARNING] noaa_dashboard - No search results were found based on your criteria
2025-06-12 21:43:38,643 [INFO] noaa_dashboard - WebDriver closed.
2025-06-12 21:43:38,643 [WARNING] noaa_dashboard - CSV URL invalid or error message received: No search results were found based on your criteria
2025-06-12 21:43:43,073 [INFO] noaa_dashboard - [APP] Initializing Dash NOAA Weather Dashboard...
2025-06-12 21:46:17,922 [INFO] noaa_dashboard - [APP] Initializing Dash NOAA Weather Dashboard...
2025-06-12 21:47:39,551 [INFO] noaa_dashboard - [APP] Initializing Dash NOAA Weather Dashboard...
2025-06-12 21:47:48,081 [INFO] noaa_dashboard - Download button clicked: n_clicks=4
2025-06-12 21:47:48,081 [INFO] noaa_dashboard - Starting CSV download for city='San Jose, CA', data_type='TAVG', start_date='None', end_date='None'
2025-06-12 21:47:49,482 [INFO] noaa_dashboard - Chrome WebDriver initialized.
2025-06-12 21:47:49,482 [INFO] noaa_dashboard - Scraping started for city: San Jose, CA, type: TAVG
2025-06-12 21:47:49,482 [INFO] noaa_dashboard - [DEBUG] Called scrape_and_download with: city=San Jose, CA, type=TAVG, start=None, end=None
2025-06-12 21:47:57,168 [INFO] noaa_dashboard - Location badge confirmed: 37.536,-122.089,37.134,-121.687
2025-06-12 21:47:57,183 [WARNING] noaa_dashboard - No search results were found based on your criteria
2025-06-12 21:47:59,322 [INFO] noaa_dashboard - WebDriver closed.
2025-06-12 21:47:59,323 [WARNING] noaa_dashboard - CSV URL invalid or error message received: No search results were found based on your criteria
2025-06-12 21:48:09,350 [INFO] noaa_dashboard - [DEBUG] update_visualization_controls - Visualization controls callback triggered!
2025-06-12 21:48:09,382 [INFO] noaa_dashboard - [DEBUG] update_charts called
2025-06-12 21:48:09,382 [WARNING] noaa_dashboard - No data received; preventing update
2025-06-12 21:48:16,730 [INFO] noaa_dashboard - Download button clicked: n_clicks=1
2025-06-12 21:48:16,730 [INFO] noaa_dashboard - Starting CSV download for city='San Jose, CA', data_type='TAVG', start_date='None', end_date='None'
2025-06-12 21:48:17,585 [INFO] noaa_dashboard - Download button clicked: n_clicks=2
2025-06-12 21:48:17,585 [INFO] noaa_dashboard - Starting CSV download for city='San Jose, CA', data_type='TAVG', start_date='None', end_date='None'
2025-06-12 21:48:18,112 [INFO] noaa_dashboard - Chrome WebDriver initialized.
2025-06-12 21:48:18,112 [INFO] noaa_dashboard - Scraping started for city: San Jose, CA, type: TAVG
2025-06-12 21:48:18,112 [INFO] noaa_dashboard - [DEBUG] Called scrape_and_download with: city=San Jose, CA, type=TAVG, start=None, end=None
2025-06-12 21:48:18,792 [INFO] noaa_dashboard - Chrome WebDriver initialized.
2025-06-12 21:48:18,792 [INFO] noaa_dashboard - Scraping started for city: San Jose, CA, type: TAVG
2025-06-12 21:48:18,792 [INFO] noaa_dashboard - [DEBUG] Called scrape_and_download with: city=San Jose, CA, type=TAVG, start=None, end=None
2025-06-12 21:48:23,294 [ERROR] noaa_dashboard - Scraping error: Message: element not interactable
  (Session info: chrome=137.0.7151.69)
Stacktrace:
	GetHandleVerifier [0x0x7ff79992fe75+79173]
	GetHandleVerifier [0x0x7ff79992fed0+79264]
	(No symbol) [0x0x7ff7996e9c8c]
	(No symbol) [0x0x7ff799741a84]
	(No symbol) [0x0x7ff799733464]
	(No symbol) [0x0x7ff79976896a]
	(No symbol) [0x0x7ff799732d16]
	(No symbol) [0x0x7ff799768b80]
	(No symbol) [0x0x7ff79979100d]
	(No symbol) [0x0x7ff799768743]
	(No symbol) [0x0x7ff7997314c1]
	(No symbol) [0x0x7ff799732253]
	GetHandleVerifier [0x0x7ff799bfa2ad+3004797]
	GetHandleVerifier [0x0x7ff799bf46fd+2981325]
	GetHandleVerifier [0x0x7ff799c13350+3107360]
	GetHandleVerifier [0x0x7ff79994a9fe+188622]
	GetHandleVerifier [0x0x7ff79995228f+219487]
	GetHandleVerifier [0x0x7ff799938dc4+115860]
	GetHandleVerifier [0x0x7ff799938f79+116297]
	GetHandleVerifier [0x0x7ff79991f528+11256]
	BaseThreadInitThunk [0x0x7ffd5bbce8d7+23]
	RtlUserThreadStart [0x0x7ffd5ce3c34c+44]
Traceback (most recent call last):
  File "D:\MyProjects\CTD\PY\noaa_dashboard\app\scraper.py", line 136, in scrape_and_download
    where_input.click()
  File "D:\MyProjects\CTD\PY\noaa_dashboard\.venv\Lib\site-packages\selenium\webdriver\remote\webelement.py", line 121, in click
    self._execute(Command.CLICK_ELEMENT)
  File "D:\MyProjects\CTD\PY\noaa_dashboard\.venv\Lib\site-packages\selenium\webdriver\remote\webelement.py", line 574, in _execute
    return self._parent.execute(command, params)
           ^^^^^^^^^^^^^^^^^^^^^^^^^^^^^^^^^^^^^
  File "D:\MyProjects\CTD\PY\noaa_dashboard\.venv\Lib\site-packages\selenium\webdriver\remote\webdriver.py", line 447, in execute
    self.error_handler.check_response(response)
  File "D:\MyProjects\CTD\PY\noaa_dashboard\.venv\Lib\site-packages\selenium\webdriver\remote\errorhandler.py", line 232, in check_response
    raise exception_class(message, screen, stacktrace)
selenium.common.exceptions.ElementNotInteractableException: Message: element not interactable
  (Session info: chrome=137.0.7151.69)
Stacktrace:
	GetHandleVerifier [0x0x7ff79992fe75+79173]
	GetHandleVerifier [0x0x7ff79992fed0+79264]
	(No symbol) [0x0x7ff7996e9c8c]
	(No symbol) [0x0x7ff799741a84]
	(No symbol) [0x0x7ff799733464]
	(No symbol) [0x0x7ff79976896a]
	(No symbol) [0x0x7ff799732d16]
	(No symbol) [0x0x7ff799768b80]
	(No symbol) [0x0x7ff79979100d]
	(No symbol) [0x0x7ff799768743]
	(No symbol) [0x0x7ff7997314c1]
	(No symbol) [0x0x7ff799732253]
	GetHandleVerifier [0x0x7ff799bfa2ad+3004797]
	GetHandleVerifier [0x0x7ff799bf46fd+2981325]
	GetHandleVerifier [0x0x7ff799c13350+3107360]
	GetHandleVerifier [0x0x7ff79994a9fe+188622]
	GetHandleVerifier [0x0x7ff79995228f+219487]
	GetHandleVerifier [0x0x7ff799938dc4+115860]
	GetHandleVerifier [0x0x7ff799938f79+116297]
	GetHandleVerifier [0x0x7ff79991f528+11256]
	BaseThreadInitThunk [0x0x7ffd5bbce8d7+23]
	RtlUserThreadStart [0x0x7ffd5ce3c34c+44]

2025-06-12 21:48:23,409 [WARNING] urllib3.connectionpool - Connection pool is full, discarding connection: localhost. Connection pool size: 1
2025-06-12 21:48:23,410 [ERROR] noaa_dashboard - Scraping error: ('Connection aborted.', RemoteDisconnected('Remote end closed connection without response'))
Traceback (most recent call last):
  File "D:\MyProjects\CTD\PY\noaa_dashboard\.venv\Lib\site-packages\urllib3\connectionpool.py", line 787, in urlopen
    response = self._make_request(
               ^^^^^^^^^^^^^^^^^^^
  File "D:\MyProjects\CTD\PY\noaa_dashboard\.venv\Lib\site-packages\urllib3\connectionpool.py", line 534, in _make_request
    response = conn.getresponse()
               ^^^^^^^^^^^^^^^^^^
  File "D:\MyProjects\CTD\PY\noaa_dashboard\.venv\Lib\site-packages\urllib3\connection.py", line 516, in getresponse
    httplib_response = super().getresponse()
                       ^^^^^^^^^^^^^^^^^^^^^
  File "C:\Python312\Lib\http\client.py", line 1428, in getresponse
    response.begin()
  File "C:\Python312\Lib\http\client.py", line 331, in begin
    version, status, reason = self._read_status()
                              ^^^^^^^^^^^^^^^^^^^
  File "C:\Python312\Lib\http\client.py", line 300, in _read_status
    raise RemoteDisconnected("Remote end closed connection without"
http.client.RemoteDisconnected: Remote end closed connection without response

During handling of the above exception, another exception occurred:

Traceback (most recent call last):
  File "D:\MyProjects\CTD\PY\noaa_dashboard\app\scraper.py", line 125, in scrape_and_download
    wait.until(EC.visibility_of_element_located(
  File "D:\MyProjects\CTD\PY\noaa_dashboard\.venv\Lib\site-packages\selenium\webdriver\support\wait.py", line 129, in until
    value = method(self._driver)
            ^^^^^^^^^^^^^^^^^^^^
  File "D:\MyProjects\CTD\PY\noaa_dashboard\.venv\Lib\site-packages\selenium\webdriver\support\expected_conditions.py", line 217, in _predicate
    return _element_if_visible(driver.find_element(*locator))
           ^^^^^^^^^^^^^^^^^^^^^^^^^^^^^^^^^^^^^^^^^^^^^^^^^^
  File "D:\MyProjects\CTD\PY\noaa_dashboard\.venv\Lib\site-packages\selenium\webdriver\support\expected_conditions.py", line 272, in _element_if_visible
    return element if element.is_displayed() == visibility else False
                      ^^^^^^^^^^^^^^^^^^^^^^
  File "D:\MyProjects\CTD\PY\noaa_dashboard\.venv\Lib\site-packages\selenium\webdriver\remote\webelement.py", line 342, in is_displayed
    return self.parent.execute_script(f"/* isDisplayed */return ({isDisplayed_js}).apply(null, arguments);", self)
           ^^^^^^^^^^^^^^^^^^^^^^^^^^^^^^^^^^^^^^^^^^^^^^^^^^^^^^^^^^^^^^^^^^^^^^^^^^^^^^^^^^^^^^^^^^^^^^^^^^^^^^^
  File "D:\MyProjects\CTD\PY\noaa_dashboard\.venv\Lib\site-packages\selenium\webdriver\remote\webdriver.py", line 544, in execute_script
    return self.execute(command, {"script": script, "args": converted_args})["value"]
           ^^^^^^^^^^^^^^^^^^^^^^^^^^^^^^^^^^^^^^^^^^^^^^^^^^^^^^^^^^^^^^^^^
  File "D:\MyProjects\CTD\PY\noaa_dashboard\.venv\Lib\site-packages\selenium\webdriver\remote\webdriver.py", line 445, in execute
    response = self.command_executor.execute(driver_command, params)
               ^^^^^^^^^^^^^^^^^^^^^^^^^^^^^^^^^^^^^^^^^^^^^^^^^^^^^
  File "D:\MyProjects\CTD\PY\noaa_dashboard\.venv\Lib\site-packages\selenium\webdriver\remote\remote_connection.py", line 404, in execute
    return self._request(command_info[0], url, body=data)
           ^^^^^^^^^^^^^^^^^^^^^^^^^^^^^^^^^^^^^^^^^^^^^^
  File "D:\MyProjects\CTD\PY\noaa_dashboard\.venv\Lib\site-packages\selenium\webdriver\remote\remote_connection.py", line 428, in _request
    response = self._conn.request(method, url, body=body, headers=headers, timeout=self._client_config.timeout)
               ^^^^^^^^^^^^^^^^^^^^^^^^^^^^^^^^^^^^^^^^^^^^^^^^^^^^^^^^^^^^^^^^^^^^^^^^^^^^^^^^^^^^^^^^^^^^^^^^
  File "D:\MyProjects\CTD\PY\noaa_dashboard\.venv\Lib\site-packages\urllib3\_request_methods.py", line 143, in request
    return self.request_encode_body(
           ^^^^^^^^^^^^^^^^^^^^^^^^^
  File "D:\MyProjects\CTD\PY\noaa_dashboard\.venv\Lib\site-packages\urllib3\_request_methods.py", line 278, in request_encode_body
    return self.urlopen(method, url, **extra_kw)
           ^^^^^^^^^^^^^^^^^^^^^^^^^^^^^^^^^^^^^
  File "D:\MyProjects\CTD\PY\noaa_dashboard\.venv\Lib\site-packages\urllib3\poolmanager.py", line 443, in urlopen
    response = conn.urlopen(method, u.request_uri, **kw)
               ^^^^^^^^^^^^^^^^^^^^^^^^^^^^^^^^^^^^^^^^^
  File "D:\MyProjects\CTD\PY\noaa_dashboard\.venv\Lib\site-packages\urllib3\connectionpool.py", line 841, in urlopen
    retries = retries.increment(
              ^^^^^^^^^^^^^^^^^^
  File "D:\MyProjects\CTD\PY\noaa_dashboard\.venv\Lib\site-packages\urllib3\util\retry.py", line 474, in increment
    raise reraise(type(error), error, _stacktrace)
          ^^^^^^^^^^^^^^^^^^^^^^^^^^^^^^^^^^^^^^^^
  File "D:\MyProjects\CTD\PY\noaa_dashboard\.venv\Lib\site-packages\urllib3\util\util.py", line 38, in reraise
    raise value.with_traceback(tb)
  File "D:\MyProjects\CTD\PY\noaa_dashboard\.venv\Lib\site-packages\urllib3\connectionpool.py", line 787, in urlopen
    response = self._make_request(
               ^^^^^^^^^^^^^^^^^^^
  File "D:\MyProjects\CTD\PY\noaa_dashboard\.venv\Lib\site-packages\urllib3\connectionpool.py", line 534, in _make_request
    response = conn.getresponse()
               ^^^^^^^^^^^^^^^^^^
  File "D:\MyProjects\CTD\PY\noaa_dashboard\.venv\Lib\site-packages\urllib3\connection.py", line 516, in getresponse
    httplib_response = super().getresponse()
                       ^^^^^^^^^^^^^^^^^^^^^
  File "C:\Python312\Lib\http\client.py", line 1428, in getresponse
    response.begin()
  File "C:\Python312\Lib\http\client.py", line 331, in begin
    version, status, reason = self._read_status()
                              ^^^^^^^^^^^^^^^^^^^
  File "C:\Python312\Lib\http\client.py", line 300, in _read_status
    raise RemoteDisconnected("Remote end closed connection without"
urllib3.exceptions.ProtocolError: ('Connection aborted.', RemoteDisconnected('Remote end closed connection without response'))
2025-06-12 21:48:25,425 [INFO] noaa_dashboard - WebDriver closed.
2025-06-12 21:48:25,426 [ERROR] noaa_dashboard - Download failed: Message: element not interactable
  (Session info: chrome=137.0.7151.69)
Stacktrace:
	GetHandleVerifier [0x0x7ff79992fe75+79173]
	GetHandleVerifier [0x0x7ff79992fed0+79264]
	(No symbol) [0x0x7ff7996e9c8c]
	(No symbol) [0x0x7ff799741a84]
	(No symbol) [0x0x7ff799733464]
	(No symbol) [0x0x7ff79976896a]
	(No symbol) [0x0x7ff799732d16]
	(No symbol) [0x0x7ff799768b80]
	(No symbol) [0x0x7ff79979100d]
	(No symbol) [0x0x7ff799768743]
	(No symbol) [0x0x7ff7997314c1]
	(No symbol) [0x0x7ff799732253]
	GetHandleVerifier [0x0x7ff799bfa2ad+3004797]
	GetHandleVerifier [0x0x7ff799bf46fd+2981325]
	GetHandleVerifier [0x0x7ff799c13350+3107360]
	GetHandleVerifier [0x0x7ff79994a9fe+188622]
	GetHandleVerifier [0x0x7ff79995228f+219487]
	GetHandleVerifier [0x0x7ff799938dc4+115860]
	GetHandleVerifier [0x0x7ff799938f79+116297]
	GetHandleVerifier [0x0x7ff79991f528+11256]
	BaseThreadInitThunk [0x0x7ffd5bbce8d7+23]
	RtlUserThreadStart [0x0x7ffd5ce3c34c+44]
Traceback (most recent call last):
  File "D:\MyProjects\CTD\PY\noaa_dashboard\app\dashboard.py", line 572, in handle_download
    csv_url = scrape_and_download(city_name, data_type, start_date, end_date)
              ^^^^^^^^^^^^^^^^^^^^^^^^^^^^^^^^^^^^^^^^^^^^^^^^^^^^^^^^^^^^^^^
  File "D:\MyProjects\CTD\PY\noaa_dashboard\app\scraper.py", line 136, in scrape_and_download
    where_input.click()
  File "D:\MyProjects\CTD\PY\noaa_dashboard\.venv\Lib\site-packages\selenium\webdriver\remote\webelement.py", line 121, in click
    self._execute(Command.CLICK_ELEMENT)
  File "D:\MyProjects\CTD\PY\noaa_dashboard\.venv\Lib\site-packages\selenium\webdriver\remote\webelement.py", line 574, in _execute
    return self._parent.execute(command, params)
           ^^^^^^^^^^^^^^^^^^^^^^^^^^^^^^^^^^^^^
  File "D:\MyProjects\CTD\PY\noaa_dashboard\.venv\Lib\site-packages\selenium\webdriver\remote\webdriver.py", line 447, in execute
    self.error_handler.check_response(response)
  File "D:\MyProjects\CTD\PY\noaa_dashboard\.venv\Lib\site-packages\selenium\webdriver\remote\errorhandler.py", line 232, in check_response
    raise exception_class(message, screen, stacktrace)
selenium.common.exceptions.ElementNotInteractableException: Message: element not interactable
  (Session info: chrome=137.0.7151.69)
Stacktrace:
	GetHandleVerifier [0x0x7ff79992fe75+79173]
	GetHandleVerifier [0x0x7ff79992fed0+79264]
	(No symbol) [0x0x7ff7996e9c8c]
	(No symbol) [0x0x7ff799741a84]
	(No symbol) [0x0x7ff799733464]
	(No symbol) [0x0x7ff79976896a]
	(No symbol) [0x0x7ff799732d16]
	(No symbol) [0x0x7ff799768b80]
	(No symbol) [0x0x7ff79979100d]
	(No symbol) [0x0x7ff799768743]
	(No symbol) [0x0x7ff7997314c1]
	(No symbol) [0x0x7ff799732253]
	GetHandleVerifier [0x0x7ff799bfa2ad+3004797]
	GetHandleVerifier [0x0x7ff799bf46fd+2981325]
	GetHandleVerifier [0x0x7ff799c13350+3107360]
	GetHandleVerifier [0x0x7ff79994a9fe+188622]
	GetHandleVerifier [0x0x7ff79995228f+219487]
	GetHandleVerifier [0x0x7ff799938dc4+115860]
	GetHandleVerifier [0x0x7ff799938f79+116297]
	GetHandleVerifier [0x0x7ff79991f528+11256]
	BaseThreadInitThunk [0x0x7ffd5bbce8d7+23]
	RtlUserThreadStart [0x0x7ffd5ce3c34c+44]

2025-06-12 21:48:27,497 [WARNING] urllib3.connectionpool - Retrying (Retry(total=2, connect=None, read=None, redirect=None, status=None)) after connection broken by 'NewConnectionError('<urllib3.connection.HTTPConnection object at 0x000001F96510AC30>: Failed to establish a new connection: [WinError 10061] No connection could be made because the target machine actively refused it')': /session/ac33b9052bcac2e8aee7c02009acfa26
2025-06-12 21:48:31,528 [WARNING] urllib3.connectionpool - Retrying (Retry(total=1, connect=None, read=None, redirect=None, status=None)) after connection broken by 'NewConnectionError('<urllib3.connection.HTTPConnection object at 0x000001F9647047D0>: Failed to establish a new connection: [WinError 10061] No connection could be made because the target machine actively refused it')': /session/ac33b9052bcac2e8aee7c02009acfa26
2025-06-12 21:48:35,566 [WARNING] urllib3.connectionpool - Retrying (Retry(total=0, connect=None, read=None, redirect=None, status=None)) after connection broken by 'NewConnectionError('<urllib3.connection.HTTPConnection object at 0x000001F965012AB0>: Failed to establish a new connection: [WinError 10061] No connection could be made because the target machine actively refused it')': /session/ac33b9052bcac2e8aee7c02009acfa26
2025-06-12 21:48:39,623 [INFO] noaa_dashboard - WebDriver closed.
2025-06-12 21:48:39,624 [ERROR] noaa_dashboard - Download failed: ('Connection aborted.', RemoteDisconnected('Remote end closed connection without response'))
Traceback (most recent call last):
  File "D:\MyProjects\CTD\PY\noaa_dashboard\.venv\Lib\site-packages\urllib3\connectionpool.py", line 787, in urlopen
    response = self._make_request(
               ^^^^^^^^^^^^^^^^^^^
  File "D:\MyProjects\CTD\PY\noaa_dashboard\.venv\Lib\site-packages\urllib3\connectionpool.py", line 534, in _make_request
    response = conn.getresponse()
               ^^^^^^^^^^^^^^^^^^
  File "D:\MyProjects\CTD\PY\noaa_dashboard\.venv\Lib\site-packages\urllib3\connection.py", line 516, in getresponse
    httplib_response = super().getresponse()
                       ^^^^^^^^^^^^^^^^^^^^^
  File "C:\Python312\Lib\http\client.py", line 1428, in getresponse
    response.begin()
  File "C:\Python312\Lib\http\client.py", line 331, in begin
    version, status, reason = self._read_status()
                              ^^^^^^^^^^^^^^^^^^^
  File "C:\Python312\Lib\http\client.py", line 300, in _read_status
    raise RemoteDisconnected("Remote end closed connection without"
http.client.RemoteDisconnected: Remote end closed connection without response

During handling of the above exception, another exception occurred:

Traceback (most recent call last):
  File "D:\MyProjects\CTD\PY\noaa_dashboard\app\dashboard.py", line 572, in handle_download
    csv_url = scrape_and_download(city_name, data_type, start_date, end_date)
              ^^^^^^^^^^^^^^^^^^^^^^^^^^^^^^^^^^^^^^^^^^^^^^^^^^^^^^^^^^^^^^^
  File "D:\MyProjects\CTD\PY\noaa_dashboard\app\scraper.py", line 125, in scrape_and_download
    wait.until(EC.visibility_of_element_located(
  File "D:\MyProjects\CTD\PY\noaa_dashboard\.venv\Lib\site-packages\selenium\webdriver\support\wait.py", line 129, in until
    value = method(self._driver)
            ^^^^^^^^^^^^^^^^^^^^
  File "D:\MyProjects\CTD\PY\noaa_dashboard\.venv\Lib\site-packages\selenium\webdriver\support\expected_conditions.py", line 217, in _predicate
    return _element_if_visible(driver.find_element(*locator))
           ^^^^^^^^^^^^^^^^^^^^^^^^^^^^^^^^^^^^^^^^^^^^^^^^^^
  File "D:\MyProjects\CTD\PY\noaa_dashboard\.venv\Lib\site-packages\selenium\webdriver\support\expected_conditions.py", line 272, in _element_if_visible
    return element if element.is_displayed() == visibility else False
                      ^^^^^^^^^^^^^^^^^^^^^^
  File "D:\MyProjects\CTD\PY\noaa_dashboard\.venv\Lib\site-packages\selenium\webdriver\remote\webelement.py", line 342, in is_displayed
    return self.parent.execute_script(f"/* isDisplayed */return ({isDisplayed_js}).apply(null, arguments);", self)
           ^^^^^^^^^^^^^^^^^^^^^^^^^^^^^^^^^^^^^^^^^^^^^^^^^^^^^^^^^^^^^^^^^^^^^^^^^^^^^^^^^^^^^^^^^^^^^^^^^^^^^^^
  File "D:\MyProjects\CTD\PY\noaa_dashboard\.venv\Lib\site-packages\selenium\webdriver\remote\webdriver.py", line 544, in execute_script
    return self.execute(command, {"script": script, "args": converted_args})["value"]
           ^^^^^^^^^^^^^^^^^^^^^^^^^^^^^^^^^^^^^^^^^^^^^^^^^^^^^^^^^^^^^^^^^
  File "D:\MyProjects\CTD\PY\noaa_dashboard\.venv\Lib\site-packages\selenium\webdriver\remote\webdriver.py", line 445, in execute
    response = self.command_executor.execute(driver_command, params)
               ^^^^^^^^^^^^^^^^^^^^^^^^^^^^^^^^^^^^^^^^^^^^^^^^^^^^^
  File "D:\MyProjects\CTD\PY\noaa_dashboard\.venv\Lib\site-packages\selenium\webdriver\remote\remote_connection.py", line 404, in execute
    return self._request(command_info[0], url, body=data)
           ^^^^^^^^^^^^^^^^^^^^^^^^^^^^^^^^^^^^^^^^^^^^^^
  File "D:\MyProjects\CTD\PY\noaa_dashboard\.venv\Lib\site-packages\selenium\webdriver\remote\remote_connection.py", line 428, in _request
    response = self._conn.request(method, url, body=body, headers=headers, timeout=self._client_config.timeout)
               ^^^^^^^^^^^^^^^^^^^^^^^^^^^^^^^^^^^^^^^^^^^^^^^^^^^^^^^^^^^^^^^^^^^^^^^^^^^^^^^^^^^^^^^^^^^^^^^^
  File "D:\MyProjects\CTD\PY\noaa_dashboard\.venv\Lib\site-packages\urllib3\_request_methods.py", line 143, in request
    return self.request_encode_body(
           ^^^^^^^^^^^^^^^^^^^^^^^^^
  File "D:\MyProjects\CTD\PY\noaa_dashboard\.venv\Lib\site-packages\urllib3\_request_methods.py", line 278, in request_encode_body
    return self.urlopen(method, url, **extra_kw)
           ^^^^^^^^^^^^^^^^^^^^^^^^^^^^^^^^^^^^^
  File "D:\MyProjects\CTD\PY\noaa_dashboard\.venv\Lib\site-packages\urllib3\poolmanager.py", line 443, in urlopen
    response = conn.urlopen(method, u.request_uri, **kw)
               ^^^^^^^^^^^^^^^^^^^^^^^^^^^^^^^^^^^^^^^^^
  File "D:\MyProjects\CTD\PY\noaa_dashboard\.venv\Lib\site-packages\urllib3\connectionpool.py", line 841, in urlopen
    retries = retries.increment(
              ^^^^^^^^^^^^^^^^^^
  File "D:\MyProjects\CTD\PY\noaa_dashboard\.venv\Lib\site-packages\urllib3\util\retry.py", line 474, in increment
    raise reraise(type(error), error, _stacktrace)
          ^^^^^^^^^^^^^^^^^^^^^^^^^^^^^^^^^^^^^^^^
  File "D:\MyProjects\CTD\PY\noaa_dashboard\.venv\Lib\site-packages\urllib3\util\util.py", line 38, in reraise
    raise value.with_traceback(tb)
  File "D:\MyProjects\CTD\PY\noaa_dashboard\.venv\Lib\site-packages\urllib3\connectionpool.py", line 787, in urlopen
    response = self._make_request(
               ^^^^^^^^^^^^^^^^^^^
  File "D:\MyProjects\CTD\PY\noaa_dashboard\.venv\Lib\site-packages\urllib3\connectionpool.py", line 534, in _make_request
    response = conn.getresponse()
               ^^^^^^^^^^^^^^^^^^
  File "D:\MyProjects\CTD\PY\noaa_dashboard\.venv\Lib\site-packages\urllib3\connection.py", line 516, in getresponse
    httplib_response = super().getresponse()
                       ^^^^^^^^^^^^^^^^^^^^^
  File "C:\Python312\Lib\http\client.py", line 1428, in getresponse
    response.begin()
  File "C:\Python312\Lib\http\client.py", line 331, in begin
    version, status, reason = self._read_status()
                              ^^^^^^^^^^^^^^^^^^^
  File "C:\Python312\Lib\http\client.py", line 300, in _read_status
    raise RemoteDisconnected("Remote end closed connection without"
urllib3.exceptions.ProtocolError: ('Connection aborted.', RemoteDisconnected('Remote end closed connection without response'))
2025-06-12 21:50:21,354 [INFO] noaa_dashboard - [APP] Initializing Dash NOAA Weather Dashboard...
2025-06-12 21:50:21,372 [INFO] dash.dash - Dash is running on http://0.0.0.0:8050/

2025-06-12 21:50:22,817 [INFO] noaa_dashboard - [APP] Initializing Dash NOAA Weather Dashboard...
2025-06-12 21:50:31,980 [INFO] noaa_dashboard - [APP] Initializing Dash NOAA Weather Dashboard...
2025-06-12 21:50:34,579 [INFO] noaa_dashboard - [DEBUG] update_visualization_controls - Visualization controls callback triggered!
2025-06-12 21:50:34,598 [INFO] noaa_dashboard - [DEBUG] update_charts called
2025-06-12 21:50:34,599 [WARNING] noaa_dashboard - No data received; preventing update
2025-06-12 21:50:36,641 [INFO] noaa_dashboard - Download button clicked: n_clicks=1
2025-06-12 21:50:36,642 [INFO] noaa_dashboard - Starting CSV download for city='San Jose, CA', data_type='TAVG', start_date='None', end_date='None'
2025-06-12 21:50:38,046 [INFO] noaa_dashboard - Chrome WebDriver initialized.
2025-06-12 21:50:38,047 [INFO] noaa_dashboard - Scraping started for city: San Jose, CA, type: TAVG
2025-06-12 21:50:38,047 [INFO] noaa_dashboard - [DEBUG] Called scrape_and_download with: city=San Jose, CA, type=TAVG, start=None, end=None
2025-06-12 21:50:45,351 [INFO] noaa_dashboard - Location badge confirmed: 37.536,-122.089,37.134,-121.687
2025-06-12 21:50:45,367 [WARNING] noaa_dashboard - No search results were found based on your criteria
2025-06-12 21:50:47,501 [INFO] noaa_dashboard - WebDriver closed.
2025-06-12 21:50:47,501 [WARNING] noaa_dashboard - CSV URL invalid or error message received: No search results were found based on your criteria
2025-06-12 21:52:43,485 [INFO] noaa_dashboard - [APP] Initializing Dash NOAA Weather Dashboard...
2025-06-12 21:52:59,817 [INFO] noaa_dashboard - [APP] Initializing Dash NOAA Weather Dashboard...
2025-06-12 21:56:11,377 [INFO] noaa_dashboard - [APP] Initializing Dash NOAA Weather Dashboard...
2025-06-12 21:57:08,909 [INFO] noaa_dashboard - [APP] Initializing Dash NOAA Weather Dashboard...
2025-06-12 21:57:23,323 [INFO] noaa_dashboard - [APP] Initializing Dash NOAA Weather Dashboard...
2025-06-12 21:57:35,583 [INFO] noaa_dashboard - [APP] Initializing Dash NOAA Weather Dashboard...
2025-06-12 21:57:42,828 [INFO] noaa_dashboard - [APP] Initializing Dash NOAA Weather Dashboard...
2025-06-12 21:57:45,546 [INFO] noaa_dashboard - Download button clicked: n_clicks=2
2025-06-12 21:57:45,547 [INFO] noaa_dashboard - Starting CSV download for city='San Jose, CA', data_type='TAVG', start_date='None', end_date='None'
2025-06-12 21:57:46,947 [INFO] noaa_dashboard - Chrome WebDriver initialized.
2025-06-12 21:57:46,947 [INFO] noaa_dashboard - Scraping started for city: San Jose, CA, type: TAVG
2025-06-12 21:57:46,948 [INFO] noaa_dashboard - [DEBUG] Called scrape_and_download with: city=San Jose, CA, type=TAVG, start=None, end=None
2025-06-12 21:57:54,265 [INFO] noaa_dashboard - Location badge confirmed: 37.536,-122.089,37.134,-121.687
2025-06-12 21:57:54,279 [WARNING] noaa_dashboard - No search results were found based on your criteria
2025-06-12 21:57:56,427 [INFO] noaa_dashboard - WebDriver closed.
2025-06-12 21:57:56,427 [WARNING] noaa_dashboard - CSV URL invalid or error message received: No search results were found based on your criteria
2025-06-12 21:58:22,621 [INFO] noaa_dashboard - [APP] Initializing Dash NOAA Weather Dashboard...
2025-06-12 21:58:22,639 [INFO] dash.dash - Dash is running on http://0.0.0.0:8050/

2025-06-12 21:58:24,095 [INFO] noaa_dashboard - [APP] Initializing Dash NOAA Weather Dashboard...
2025-06-12 21:58:30,464 [INFO] noaa_dashboard - [DEBUG] update_visualization_controls - Visualization controls callback triggered!
2025-06-12 21:58:30,510 [INFO] noaa_dashboard - [DEBUG] update_charts called
2025-06-12 21:58:30,510 [WARNING] noaa_dashboard - No data received; preventing update
2025-06-12 21:58:36,444 [INFO] noaa_dashboard - Download button clicked: n_clicks=1
2025-06-12 21:58:36,445 [INFO] noaa_dashboard - Starting CSV download for city='Sacramento, CA', data_type='TAVG', start_date='None', end_date='None'
2025-06-12 21:58:37,827 [INFO] noaa_dashboard - Chrome WebDriver initialized.
2025-06-12 21:58:37,828 [INFO] noaa_dashboard - Scraping started for city: Sacramento, CA, type: TAVG
2025-06-12 21:58:37,828 [INFO] noaa_dashboard - [DEBUG] Called scrape_and_download with: city=Sacramento, CA, type=TAVG, start=None, end=None
2025-06-12 21:58:45,404 [INFO] noaa_dashboard - Location badge confirmed: 38.692,-121.610,38.462,-121.380
2025-06-12 21:58:45,422 [WARNING] noaa_dashboard - No search results were found based on your criteria
2025-06-12 21:58:47,555 [INFO] noaa_dashboard - WebDriver closed.
2025-06-12 21:58:47,556 [WARNING] noaa_dashboard - CSV URL invalid or error message received: No search results were found based on your criteria
2025-06-12 21:59:18,542 [INFO] noaa_dashboard - [APP] Initializing Dash NOAA Weather Dashboard...
2025-06-12 21:59:21,608 [INFO] noaa_dashboard - Download button clicked: n_clicks=2
2025-06-12 21:59:21,608 [INFO] noaa_dashboard - Starting CSV download for city='Sacramento, CA', data_type='TAVG', start_date='None', end_date='None'
2025-06-12 21:59:23,027 [INFO] noaa_dashboard - Chrome WebDriver initialized.
2025-06-12 21:59:23,027 [INFO] noaa_dashboard - Scraping started for city: Sacramento, CA, type: TAVG
2025-06-12 21:59:23,028 [INFO] noaa_dashboard - [DEBUG] Called scrape_and_download with: city=Sacramento, CA, type=TAVG, start=None, end=None
2025-06-12 21:59:30,569 [INFO] noaa_dashboard - Location badge confirmed: 38.692,-121.610,38.462,-121.380
2025-06-12 21:59:30,585 [WARNING] noaa_dashboard - No search results were found based on your criteria
2025-06-12 21:59:32,734 [INFO] noaa_dashboard - WebDriver closed.
2025-06-12 21:59:32,740 [WARNING] noaa_dashboard - CSV URL invalid or error message received: No search results were found based on your criteria
2025-06-12 22:01:10,040 [INFO] noaa_dashboard - [APP] Initializing Dash NOAA Weather Dashboard...
2025-06-12 22:04:01,515 [INFO] noaa_dashboard - [APP] Initializing Dash NOAA Weather Dashboard...
2025-06-12 22:04:06,332 [INFO] noaa_dashboard - [APP] Initializing Dash NOAA Weather Dashboard...
2025-06-12 22:04:17,593 [INFO] noaa_dashboard - [APP] Initializing Dash NOAA Weather Dashboard...
2025-06-12 22:04:30,901 [INFO] noaa_dashboard - [APP] Initializing Dash NOAA Weather Dashboard...
2025-06-12 22:05:20,604 [INFO] noaa_dashboard - [APP] Initializing Dash NOAA Weather Dashboard...
2025-06-12 22:05:20,695 [INFO] noaa_dashboard - Download button clicked: n_clicks=3
2025-06-12 22:05:20,695 [INFO] noaa_dashboard - Starting CSV download for city='Sacramento, CA', data_type='TAVG', start_date='None', end_date='None'
2025-06-12 22:05:22,102 [INFO] noaa_dashboard - Chrome WebDriver initialized.
2025-06-12 22:05:22,102 [INFO] noaa_dashboard - Scraping started for city: Sacramento, CA, type: TAVG
2025-06-12 22:05:22,102 [INFO] noaa_dashboard - [DEBUG] Called scrape_and_download with: city=Sacramento, CA, type=TAVG, start=None, end=None
2025-06-12 22:05:29,684 [INFO] noaa_dashboard - Location badge confirmed: 38.692,-121.610,38.462,-121.380
2025-06-12 22:05:29,699 [WARNING] noaa_dashboard - No search results were found based on your criteria
2025-06-12 22:05:31,827 [INFO] noaa_dashboard - WebDriver closed.
2025-06-12 22:05:31,827 [WARNING] noaa_dashboard - CSV URL invalid or error message received: No search results were found based on your criteria
2025-06-12 22:06:13,291 [INFO] noaa_dashboard - Download button clicked: n_clicks=4
2025-06-12 22:06:13,291 [INFO] noaa_dashboard - Starting CSV download for city='Sacramento, CA', data_type='TAVG', start_date='None', end_date='None'
2025-06-12 22:06:15,476 [INFO] noaa_dashboard - [APP] Initializing Dash NOAA Weather Dashboard...
2025-06-12 22:06:15,570 [INFO] noaa_dashboard - Download button clicked: n_clicks=4
2025-06-12 22:06:15,571 [INFO] noaa_dashboard - Starting CSV download for city='Sacramento, CA', data_type='TAVG', start_date='None', end_date='None'
2025-06-12 22:06:16,712 [INFO] noaa_dashboard - Chrome WebDriver initialized.
2025-06-12 22:06:16,712 [INFO] noaa_dashboard - Scraping started for city: Sacramento, CA, type: TAVG
2025-06-12 22:06:16,712 [INFO] noaa_dashboard - [DEBUG] Called scrape_and_download with: city=Sacramento, CA, type=TAVG, start=None, end=None
2025-06-12 22:06:24,735 [INFO] noaa_dashboard - Location badge confirmed: 38.692,-121.610,38.462,-121.380
2025-06-12 22:06:24,749 [WARNING] noaa_dashboard - No search results were found based on your criteria
2025-06-12 22:06:26,931 [INFO] noaa_dashboard - WebDriver closed.
2025-06-12 22:06:26,932 [WARNING] noaa_dashboard - CSV URL invalid or error message received: No search results were found based on your criteria
2025-06-12 22:07:54,696 [INFO] dashboard.py - [APP] Initializing Dash NOAA Weather Dashboard...
2025-06-12 22:07:55,092 [INFO] dashboard.py - Download button clicked: n_clicks=5
2025-06-12 22:07:55,092 [INFO] dashboard.py - Starting CSV download for city='Sacramento, CA', data_type='TAVG', start_date='None', end_date='None'
2025-06-12 22:07:56,597 [INFO] scraper.py - Chrome WebDriver initialized.
2025-06-12 22:07:56,597 [INFO] scraper.py - Scraping started for city: Sacramento, CA, type: TAVG
2025-06-12 22:07:56,598 [INFO] scraper.py - [DEBUG] Called scrape_and_download with: city=Sacramento, CA, type=TAVG, start=None, end=None
2025-06-12 22:08:04,170 [INFO] scraper.py - Location badge confirmed: 38.692,-121.610,38.462,-121.380
2025-06-12 22:08:04,185 [WARNING] scraper.py - No search results were found based on your criteria
2025-06-12 22:08:06,321 [INFO] scraper.py - WebDriver closed.
2025-06-12 22:08:06,322 [WARNING] dashboard.py - CSV URL invalid or error message received: No search results were found based on your criteria
2025-06-12 22:09:18,749 [INFO] dashboard.py - [APP] Initializing Dash NOAA Weather Dashboard...
2025-06-12 22:13:11,387 [INFO] dashboard.py - [APP] Initializing Dash NOAA Weather Dashboard...
2025-06-12 22:13:31,044 [INFO] dashboard.py - [APP] Initializing Dash NOAA Weather Dashboard...
2025-06-12 22:16:16,529 [INFO] dashboard.py - [APP] Initializing Dash NOAA Weather Dashboard...
2025-06-12 22:16:26,058 [INFO] dashboard.py - [DEBUG] update_visualization_controls - Visualization controls callback triggered!
2025-06-12 22:16:26,120 [INFO] dashboard.py - [DEBUG] update_charts called
2025-06-12 22:16:26,120 [WARNING] dashboard.py - No data received; preventing update
2025-06-12 22:16:34,400 [INFO] dashboard.py - Download button clicked: n_clicks=1
2025-06-12 22:16:34,400 [INFO] dashboard.py - Starting CSV download for city='San Jose, CA', data_type='TAVG', start_date='None', end_date='None'
2025-06-12 22:16:35,815 [INFO] scraper.py - Chrome WebDriver initialized.
2025-06-12 22:16:35,816 [INFO] scraper.py - Scraping started for city: San Jose, CA, type: TAVG
2025-06-12 22:16:35,816 [INFO] scraper.py - [DEBUG] Called scrape_and_download with: city=San Jose, CA, type=TAVG, start=None, end=None
2025-06-12 22:16:43,468 [INFO] scraper.py - Location badge confirmed: 37.536,-122.089,37.134,-121.687
2025-06-12 22:16:43,489 [WARNING] scraper.py - No search results were found based on your criteria
2025-06-12 22:16:45,615 [INFO] scraper.py - WebDriver closed.
2025-06-12 22:16:45,616 [WARNING] dashboard.py - CSV URL invalid or error message received: No search results were found based on your criteria
2025-06-12 22:25:40,410 [INFO] dashboard.py - [APP] Initializing Dash NOAA Weather Dashboard...
2025-06-12 22:25:41,533 [INFO] dashboard.py - Download button clicked: n_clicks=2
2025-06-12 22:25:41,533 [INFO] dashboard.py - Starting CSV download for city='San Jose, CA', data_type='TAVG', start_date='None', end_date='None'
2025-06-12 22:25:41,534 [DEBUG] selenium_manager.py - Selenium Manager binary found at: D:\MyProjects\CTD\PY\noaa_dashboard\.venv\Lib\site-packages\selenium\webdriver\common\windows\selenium-manager.exe
2025-06-12 22:25:41,535 [DEBUG] selenium_manager.py - Executing process: D:\MyProjects\CTD\PY\noaa_dashboard\.venv\Lib\site-packages\selenium\webdriver\common\windows\selenium-manager.exe --browser chrome --debug --language-binding python --output json
2025-06-12 22:25:41,600 [DEBUG] selenium_manager.py - chromedriver not found in PATH
2025-06-12 22:25:41,600 [DEBUG] selenium_manager.py - chrome detected at C:\Program Files\Google\Chrome\Application\chrome.exe
2025-06-12 22:25:41,600 [DEBUG] selenium_manager.py - Detected browser: chrome 137.0.7151.69
2025-06-12 22:25:41,600 [DEBUG] selenium_manager.py - Required driver: chromedriver 137.0.7151.70
2025-06-12 22:25:41,601 [DEBUG] selenium_manager.py - chromedriver 137.0.7151.70 already in the cache
2025-06-12 22:25:41,601 [DEBUG] selenium_manager.py - Driver path: C:\Users\veraf\.cache\selenium\chromedriver\win64\137.0.7151.70\chromedriver.exe
2025-06-12 22:25:41,601 [DEBUG] selenium_manager.py - Browser path: C:\Program Files\Google\Chrome\Application\chrome.exe
2025-06-12 22:25:41,892 [DEBUG] service.py - Started executable: `C:\Users\veraf\.cache\selenium\chromedriver\win64\137.0.7151.70\chromedriver.exe` in a child process with pid: 30852 using 0 to output -3
2025-06-12 22:25:42,406 [DEBUG] remote_connection.py - POST http://localhost:53357/session {'capabilities': {'firstMatch': [{}], 'alwaysMatch': {'browserName': 'chrome', 'pageLoadStrategy': <PageLoadStrategy.normal: 'normal'>, 'browserVersion': None, 'goog:chromeOptions': {'prefs': {'download.default_directory': 'D:\\MyProjects\\CTD\\PY\\noaa_dashboard\\data', 'download.prompt_for_download': False, 'download.directory_upgrade': True, 'safebrowsing.enabled': True}, 'extensions': [], 'binary': 'C:\\Program Files\\Google\\Chrome\\Application\\chrome.exe', 'args': ['--log-level=3', '--mute-audio', '--disable-features=MediaSessionService,SpeechRecognitionOnDevice', '--disable-features=SoundContentSetting', '--disable-speech-api', '--disable-features=VoiceTranscription', '--incognito']}}}}
2025-06-12 22:25:42,407 [DEBUG] connectionpool.py - Starting new HTTP connection (1): localhost:53357
2025-06-12 22:25:42,982 [DEBUG] connectionpool.py - http://localhost:53357 "POST /session HTTP/1.1" 200 0
2025-06-12 22:25:42,982 [DEBUG] remote_connection.py - Remote response: status=200 | data={"value":{"capabilities":{"acceptInsecureCerts":false,"browserName":"chrome","browserVersion":"137.0.7151.69","chrome":{"chromedriverVersion":"137.0.7151.70 (dfa4dc56b2abb56eb2a14cad006ea5e68c60d5de-refs/branch-heads/7151@{#1875})","userDataDir":"C:\\Users\\veraf\\AppData\\Local\\Temp\\scoped_dir30852_1354113580"},"fedcm:accounts":true,"goog:chromeOptions":{"debuggerAddress":"localhost:53362"},"networkConnectionEnabled":false,"pageLoadStrategy":"normal","platformName":"windows","proxy":{},"setWindowRect":true,"strictFileInteractability":false,"timeouts":{"implicit":0,"pageLoad":300000,"script":30000},"unhandledPromptBehavior":"dismiss and notify","webauthn:extension:credBlob":true,"webauthn:extension:largeBlob":true,"webauthn:extension:minPinLength":true,"webauthn:extension:prf":true,"webauthn:virtualAuthenticators":true},"sessionId":"de73fc4efc91678e063d0f4ac4e75814"}} | headers=HTTPHeaderDict({'Content-Length': '882', 'Content-Type': 'application/json; charset=utf-8', 'cache-control': 'no-cache'})
2025-06-12 22:25:42,983 [DEBUG] remote_connection.py - Finished Request
2025-06-12 22:25:42,983 [INFO] scraper.py - Chrome WebDriver initialized.
2025-06-12 22:25:42,984 [INFO] scraper.py - Scraping started for city: San Jose, CA, type: TAVG
2025-06-12 22:25:42,984 [INFO] scraper.py - [DEBUG] Called scrape_and_download with: city=San Jose, CA, type=TAVG, start=None, end=None
2025-06-12 22:25:42,984 [DEBUG] remote_connection.py - POST http://localhost:53357/session/de73fc4efc91678e063d0f4ac4e75814/url {'url': 'https://www.ncei.noaa.gov/access/search/data-search/daily-summaries'}
2025-06-12 22:25:45,770 [DEBUG] connectionpool.py - http://localhost:53357 "POST /session/de73fc4efc91678e063d0f4ac4e75814/url HTTP/1.1" 200 0
2025-06-12 22:25:45,770 [DEBUG] remote_connection.py - Remote response: status=200 | data={"value":null} | headers=HTTPHeaderDict({'Content-Length': '14', 'Content-Type': 'application/json; charset=utf-8', 'cache-control': 'no-cache'})
2025-06-12 22:25:45,770 [DEBUG] remote_connection.py - Finished Request
2025-06-12 22:25:45,770 [DEBUG] remote_connection.py - POST http://localhost:53357/session/de73fc4efc91678e063d0f4ac4e75814/execute/sync {'script': 'return document.readyState', 'args': []}
2025-06-12 22:25:45,775 [DEBUG] connectionpool.py - http://localhost:53357 "POST /session/de73fc4efc91678e063d0f4ac4e75814/execute/sync HTTP/1.1" 200 0
2025-06-12 22:25:45,775 [DEBUG] remote_connection.py - Remote response: status=200 | data={"value":"complete"} | headers=HTTPHeaderDict({'Content-Length': '20', 'Content-Type': 'application/json; charset=utf-8', 'cache-control': 'no-cache'})
2025-06-12 22:25:45,775 [DEBUG] remote_connection.py - Finished Request
2025-06-12 22:25:45,775 [DEBUG] remote_connection.py - POST http://localhost:53357/session/de73fc4efc91678e063d0f4ac4e75814/element {'using': 'css selector', 'value': '#searchForm'}
2025-06-12 22:25:45,787 [DEBUG] connectionpool.py - http://localhost:53357 "POST /session/de73fc4efc91678e063d0f4ac4e75814/element HTTP/1.1" 200 0
2025-06-12 22:25:45,787 [DEBUG] remote_connection.py - Remote response: status=200 | data={"value":{"element-6066-11e4-a52e-4f735466cecf":"f.6794D8CB4487285B087CB4BB32F8D1A0.d.26F1506A5B249F04A69C7F193A79E5EA.e.60"}} | headers=HTTPHeaderDict({'Content-Length': '126', 'Content-Type': 'application/json; charset=utf-8', 'cache-control': 'no-cache'})
2025-06-12 22:25:45,788 [DEBUG] remote_connection.py - Finished Request
2025-06-12 22:25:45,788 [DEBUG] remote_connection.py - POST http://localhost:53357/session/de73fc4efc91678e063d0f4ac4e75814/execute/sync {'script': '/* isDisplayed */return (function(){return (function(){var g=this||self;\nfunction aa(a){var b=typeof...', 'args': [{'element-6066-11e4-a52e-4f735466cecf': 'f.6794D8CB4487285B087CB4BB32F8D1A0.d.26F1506A5B249F04A69C7F193A79E5EA.e.60'}]}
2025-06-12 22:25:45,799 [DEBUG] connectionpool.py - http://localhost:53357 "POST /session/de73fc4efc91678e063d0f4ac4e75814/execute/sync HTTP/1.1" 200 0
2025-06-12 22:25:45,800 [DEBUG] remote_connection.py - Remote response: status=200 | data={"value":false} | headers=HTTPHeaderDict({'Content-Length': '15', 'Content-Type': 'application/json; charset=utf-8', 'cache-control': 'no-cache'})
2025-06-12 22:25:45,800 [DEBUG] remote_connection.py - Finished Request
2025-06-12 22:25:46,301 [DEBUG] remote_connection.py - POST http://localhost:53357/session/de73fc4efc91678e063d0f4ac4e75814/element {'using': 'css selector', 'value': '#searchForm'}
2025-06-12 22:25:46,306 [DEBUG] connectionpool.py - http://localhost:53357 "POST /session/de73fc4efc91678e063d0f4ac4e75814/element HTTP/1.1" 200 0
2025-06-12 22:25:46,306 [DEBUG] remote_connection.py - Remote response: status=200 | data={"value":{"element-6066-11e4-a52e-4f735466cecf":"f.6794D8CB4487285B087CB4BB32F8D1A0.d.26F1506A5B249F04A69C7F193A79E5EA.e.60"}} | headers=HTTPHeaderDict({'Content-Length': '126', 'Content-Type': 'application/json; charset=utf-8', 'cache-control': 'no-cache'})
2025-06-12 22:25:46,307 [DEBUG] remote_connection.py - Finished Request
2025-06-12 22:25:46,307 [DEBUG] remote_connection.py - POST http://localhost:53357/session/de73fc4efc91678e063d0f4ac4e75814/execute/sync {'script': '/* isDisplayed */return (function(){return (function(){var g=this||self;\nfunction aa(a){var b=typeof...', 'args': [{'element-6066-11e4-a52e-4f735466cecf': 'f.6794D8CB4487285B087CB4BB32F8D1A0.d.26F1506A5B249F04A69C7F193A79E5EA.e.60'}]}
2025-06-12 22:25:46,313 [DEBUG] connectionpool.py - http://localhost:53357 "POST /session/de73fc4efc91678e063d0f4ac4e75814/execute/sync HTTP/1.1" 200 0
2025-06-12 22:25:46,313 [DEBUG] remote_connection.py - Remote response: status=200 | data={"value":true} | headers=HTTPHeaderDict({'Content-Length': '14', 'Content-Type': 'application/json; charset=utf-8', 'cache-control': 'no-cache'})
2025-06-12 22:25:46,314 [DEBUG] remote_connection.py - Finished Request
2025-06-12 22:25:46,314 [DEBUG] remote_connection.py - POST http://localhost:53357/session/de73fc4efc91678e063d0f4ac4e75814/element {'using': 'css selector', 'value': '[id="whatInput"]'}
2025-06-12 22:25:46,323 [DEBUG] connectionpool.py - http://localhost:53357 "POST /session/de73fc4efc91678e063d0f4ac4e75814/element HTTP/1.1" 200 0
2025-06-12 22:25:46,323 [DEBUG] remote_connection.py - Remote response: status=200 | data={"value":{"element-6066-11e4-a52e-4f735466cecf":"f.6794D8CB4487285B087CB4BB32F8D1A0.d.26F1506A5B249F04A69C7F193A79E5EA.e.57"}} | headers=HTTPHeaderDict({'Content-Length': '126', 'Content-Type': 'application/json; charset=utf-8', 'cache-control': 'no-cache'})
2025-06-12 22:25:46,323 [DEBUG] remote_connection.py - Finished Request
2025-06-12 22:25:46,324 [DEBUG] remote_connection.py - POST http://localhost:53357/session/de73fc4efc91678e063d0f4ac4e75814/element/f.6794D8CB4487285B087CB4BB32F8D1A0.d.26F1506A5B249F04A69C7F193A79E5EA.e.57/clear {}
2025-06-12 22:25:46,362 [DEBUG] connectionpool.py - http://localhost:53357 "POST /session/de73fc4efc91678e063d0f4ac4e75814/element/f.6794D8CB4487285B087CB4BB32F8D1A0.d.26F1506A5B249F04A69C7F193A79E5EA.e.57/clear HTTP/1.1" 200 0
2025-06-12 22:25:46,363 [DEBUG] remote_connection.py - Remote response: status=200 | data={"value":null} | headers=HTTPHeaderDict({'Content-Length': '14', 'Content-Type': 'application/json; charset=utf-8', 'cache-control': 'no-cache'})
2025-06-12 22:25:46,363 [DEBUG] remote_connection.py - Finished Request
2025-06-12 22:25:46,364 [DEBUG] remote_connection.py - POST http://localhost:53357/session/de73fc4efc91678e063d0f4ac4e75814/element/f.6794D8CB4487285B087CB4BB32F8D1A0.d.26F1506A5B249F04A69C7F193A79E5EA.e.57/value {'text': 'TAVG', 'value': ['T', 'A', 'V', 'G']}
2025-06-12 22:25:46,445 [DEBUG] connectionpool.py - http://localhost:53357 "POST /session/de73fc4efc91678e063d0f4ac4e75814/element/f.6794D8CB4487285B087CB4BB32F8D1A0.d.26F1506A5B249F04A69C7F193A79E5EA.e.57/value HTTP/1.1" 200 0
2025-06-12 22:25:46,446 [DEBUG] remote_connection.py - Remote response: status=200 | data={"value":null} | headers=HTTPHeaderDict({'Content-Length': '14', 'Content-Type': 'application/json; charset=utf-8', 'cache-control': 'no-cache'})
2025-06-12 22:25:46,446 [DEBUG] remote_connection.py - Finished Request
2025-06-12 22:25:46,446 [DEBUG] remote_connection.py - POST http://localhost:53357/session/de73fc4efc91678e063d0f4ac4e75814/element {'using': 'css selector', 'value': '[id="whereInput"]'}
2025-06-12 22:25:46,459 [DEBUG] connectionpool.py - http://localhost:53357 "POST /session/de73fc4efc91678e063d0f4ac4e75814/element HTTP/1.1" 200 0
2025-06-12 22:25:46,459 [DEBUG] remote_connection.py - Remote response: status=200 | data={"value":{"element-6066-11e4-a52e-4f735466cecf":"f.6794D8CB4487285B087CB4BB32F8D1A0.d.26F1506A5B249F04A69C7F193A79E5EA.e.58"}} | headers=HTTPHeaderDict({'Content-Length': '126', 'Content-Type': 'application/json; charset=utf-8', 'cache-control': 'no-cache'})
2025-06-12 22:25:46,459 [DEBUG] remote_connection.py - Finished Request
2025-06-12 22:25:46,460 [DEBUG] remote_connection.py - POST http://localhost:53357/session/de73fc4efc91678e063d0f4ac4e75814/element/f.6794D8CB4487285B087CB4BB32F8D1A0.d.26F1506A5B249F04A69C7F193A79E5EA.e.58/click {}
2025-06-12 22:25:46,524 [DEBUG] connectionpool.py - http://localhost:53357 "POST /session/de73fc4efc91678e063d0f4ac4e75814/element/f.6794D8CB4487285B087CB4BB32F8D1A0.d.26F1506A5B249F04A69C7F193A79E5EA.e.58/click HTTP/1.1" 200 0
2025-06-12 22:25:46,524 [DEBUG] remote_connection.py - Remote response: status=200 | data={"value":null} | headers=HTTPHeaderDict({'Content-Length': '14', 'Content-Type': 'application/json; charset=utf-8', 'cache-control': 'no-cache'})
2025-06-12 22:25:46,524 [DEBUG] remote_connection.py - Finished Request
2025-06-12 22:25:46,525 [DEBUG] remote_connection.py - POST http://localhost:53357/session/de73fc4efc91678e063d0f4ac4e75814/element/f.6794D8CB4487285B087CB4BB32F8D1A0.d.26F1506A5B249F04A69C7F193A79E5EA.e.58/value {'text': 'S', 'value': ['S']}
2025-06-12 22:25:46,558 [DEBUG] connectionpool.py - http://localhost:53357 "POST /session/de73fc4efc91678e063d0f4ac4e75814/element/f.6794D8CB4487285B087CB4BB32F8D1A0.d.26F1506A5B249F04A69C7F193A79E5EA.e.58/value HTTP/1.1" 200 0
2025-06-12 22:25:46,558 [DEBUG] remote_connection.py - Remote response: status=200 | data={"value":null} | headers=HTTPHeaderDict({'Content-Length': '14', 'Content-Type': 'application/json; charset=utf-8', 'cache-control': 'no-cache'})
2025-06-12 22:25:46,558 [DEBUG] remote_connection.py - Finished Request
2025-06-12 22:25:46,659 [DEBUG] remote_connection.py - POST http://localhost:53357/session/de73fc4efc91678e063d0f4ac4e75814/element/f.6794D8CB4487285B087CB4BB32F8D1A0.d.26F1506A5B249F04A69C7F193A79E5EA.e.58/value {'text': 'a', 'value': ['a']}
2025-06-12 22:25:46,691 [DEBUG] connectionpool.py - http://localhost:53357 "POST /session/de73fc4efc91678e063d0f4ac4e75814/element/f.6794D8CB4487285B087CB4BB32F8D1A0.d.26F1506A5B249F04A69C7F193A79E5EA.e.58/value HTTP/1.1" 200 0
2025-06-12 22:25:46,691 [DEBUG] remote_connection.py - Remote response: status=200 | data={"value":null} | headers=HTTPHeaderDict({'Content-Length': '14', 'Content-Type': 'application/json; charset=utf-8', 'cache-control': 'no-cache'})
2025-06-12 22:25:46,691 [DEBUG] remote_connection.py - Finished Request
2025-06-12 22:25:46,792 [DEBUG] remote_connection.py - POST http://localhost:53357/session/de73fc4efc91678e063d0f4ac4e75814/element/f.6794D8CB4487285B087CB4BB32F8D1A0.d.26F1506A5B249F04A69C7F193A79E5EA.e.58/value {'text': 'n', 'value': ['n']}
2025-06-12 22:25:46,850 [DEBUG] connectionpool.py - http://localhost:53357 "POST /session/de73fc4efc91678e063d0f4ac4e75814/element/f.6794D8CB4487285B087CB4BB32F8D1A0.d.26F1506A5B249F04A69C7F193A79E5EA.e.58/value HTTP/1.1" 200 0
2025-06-12 22:25:46,851 [DEBUG] remote_connection.py - Remote response: status=200 | data={"value":null} | headers=HTTPHeaderDict({'Content-Length': '14', 'Content-Type': 'application/json; charset=utf-8', 'cache-control': 'no-cache'})
2025-06-12 22:25:46,851 [DEBUG] remote_connection.py - Finished Request
2025-06-12 22:25:46,952 [DEBUG] remote_connection.py - POST http://localhost:53357/session/de73fc4efc91678e063d0f4ac4e75814/element/f.6794D8CB4487285B087CB4BB32F8D1A0.d.26F1506A5B249F04A69C7F193A79E5EA.e.58/value {'text': ' ', 'value': [' ']}
2025-06-12 22:25:46,978 [DEBUG] connectionpool.py - http://localhost:53357 "POST /session/de73fc4efc91678e063d0f4ac4e75814/element/f.6794D8CB4487285B087CB4BB32F8D1A0.d.26F1506A5B249F04A69C7F193A79E5EA.e.58/value HTTP/1.1" 200 0
2025-06-12 22:25:46,979 [DEBUG] remote_connection.py - Remote response: status=200 | data={"value":null} | headers=HTTPHeaderDict({'Content-Length': '14', 'Content-Type': 'application/json; charset=utf-8', 'cache-control': 'no-cache'})
2025-06-12 22:25:46,979 [DEBUG] remote_connection.py - Finished Request
2025-06-12 22:25:47,080 [DEBUG] remote_connection.py - POST http://localhost:53357/session/de73fc4efc91678e063d0f4ac4e75814/element/f.6794D8CB4487285B087CB4BB32F8D1A0.d.26F1506A5B249F04A69C7F193A79E5EA.e.58/value {'text': 'J', 'value': ['J']}
2025-06-12 22:25:47,107 [DEBUG] connectionpool.py - http://localhost:53357 "POST /session/de73fc4efc91678e063d0f4ac4e75814/element/f.6794D8CB4487285B087CB4BB32F8D1A0.d.26F1506A5B249F04A69C7F193A79E5EA.e.58/value HTTP/1.1" 200 0
2025-06-12 22:25:47,108 [DEBUG] remote_connection.py - Remote response: status=200 | data={"value":null} | headers=HTTPHeaderDict({'Content-Length': '14', 'Content-Type': 'application/json; charset=utf-8', 'cache-control': 'no-cache'})
2025-06-12 22:25:47,108 [DEBUG] remote_connection.py - Finished Request
2025-06-12 22:25:47,209 [DEBUG] remote_connection.py - POST http://localhost:53357/session/de73fc4efc91678e063d0f4ac4e75814/element/f.6794D8CB4487285B087CB4BB32F8D1A0.d.26F1506A5B249F04A69C7F193A79E5EA.e.58/value {'text': 'o', 'value': ['o']}
2025-06-12 22:25:47,240 [DEBUG] connectionpool.py - http://localhost:53357 "POST /session/de73fc4efc91678e063d0f4ac4e75814/element/f.6794D8CB4487285B087CB4BB32F8D1A0.d.26F1506A5B249F04A69C7F193A79E5EA.e.58/value HTTP/1.1" 200 0
2025-06-12 22:25:47,241 [DEBUG] remote_connection.py - Remote response: status=200 | data={"value":null} | headers=HTTPHeaderDict({'Content-Length': '14', 'Content-Type': 'application/json; charset=utf-8', 'cache-control': 'no-cache'})
2025-06-12 22:25:47,241 [DEBUG] remote_connection.py - Finished Request
2025-06-12 22:25:47,342 [DEBUG] remote_connection.py - POST http://localhost:53357/session/de73fc4efc91678e063d0f4ac4e75814/element/f.6794D8CB4487285B087CB4BB32F8D1A0.d.26F1506A5B249F04A69C7F193A79E5EA.e.58/value {'text': 's', 'value': ['s']}
2025-06-12 22:25:47,368 [DEBUG] connectionpool.py - http://localhost:53357 "POST /session/de73fc4efc91678e063d0f4ac4e75814/element/f.6794D8CB4487285B087CB4BB32F8D1A0.d.26F1506A5B249F04A69C7F193A79E5EA.e.58/value HTTP/1.1" 200 0
2025-06-12 22:25:47,368 [DEBUG] remote_connection.py - Remote response: status=200 | data={"value":null} | headers=HTTPHeaderDict({'Content-Length': '14', 'Content-Type': 'application/json; charset=utf-8', 'cache-control': 'no-cache'})
2025-06-12 22:25:47,369 [DEBUG] remote_connection.py - Finished Request
2025-06-12 22:25:47,469 [DEBUG] remote_connection.py - POST http://localhost:53357/session/de73fc4efc91678e063d0f4ac4e75814/element/f.6794D8CB4487285B087CB4BB32F8D1A0.d.26F1506A5B249F04A69C7F193A79E5EA.e.58/value {'text': 'e', 'value': ['e']}
2025-06-12 22:25:47,499 [DEBUG] connectionpool.py - http://localhost:53357 "POST /session/de73fc4efc91678e063d0f4ac4e75814/element/f.6794D8CB4487285B087CB4BB32F8D1A0.d.26F1506A5B249F04A69C7F193A79E5EA.e.58/value HTTP/1.1" 200 0
2025-06-12 22:25:47,499 [DEBUG] remote_connection.py - Remote response: status=200 | data={"value":null} | headers=HTTPHeaderDict({'Content-Length': '14', 'Content-Type': 'application/json; charset=utf-8', 'cache-control': 'no-cache'})
2025-06-12 22:25:47,500 [DEBUG] remote_connection.py - Finished Request
2025-06-12 22:25:47,600 [DEBUG] remote_connection.py - POST http://localhost:53357/session/de73fc4efc91678e063d0f4ac4e75814/element/f.6794D8CB4487285B087CB4BB32F8D1A0.d.26F1506A5B249F04A69C7F193A79E5EA.e.58/value {'text': ',', 'value': [',']}
2025-06-12 22:25:47,650 [DEBUG] connectionpool.py - http://localhost:53357 "POST /session/de73fc4efc91678e063d0f4ac4e75814/element/f.6794D8CB4487285B087CB4BB32F8D1A0.d.26F1506A5B249F04A69C7F193A79E5EA.e.58/value HTTP/1.1" 200 0
2025-06-12 22:25:47,651 [DEBUG] remote_connection.py - Remote response: status=200 | data={"value":null} | headers=HTTPHeaderDict({'Content-Length': '14', 'Content-Type': 'application/json; charset=utf-8', 'cache-control': 'no-cache'})
2025-06-12 22:25:47,652 [DEBUG] remote_connection.py - Finished Request
2025-06-12 22:25:47,753 [DEBUG] remote_connection.py - POST http://localhost:53357/session/de73fc4efc91678e063d0f4ac4e75814/element/f.6794D8CB4487285B087CB4BB32F8D1A0.d.26F1506A5B249F04A69C7F193A79E5EA.e.58/value {'text': ' ', 'value': [' ']}
2025-06-12 22:25:47,791 [DEBUG] connectionpool.py - http://localhost:53357 "POST /session/de73fc4efc91678e063d0f4ac4e75814/element/f.6794D8CB4487285B087CB4BB32F8D1A0.d.26F1506A5B249F04A69C7F193A79E5EA.e.58/value HTTP/1.1" 200 0
2025-06-12 22:25:47,791 [DEBUG] remote_connection.py - Remote response: status=200 | data={"value":null} | headers=HTTPHeaderDict({'Content-Length': '14', 'Content-Type': 'application/json; charset=utf-8', 'cache-control': 'no-cache'})
2025-06-12 22:25:47,792 [DEBUG] remote_connection.py - Finished Request
2025-06-12 22:25:47,892 [DEBUG] remote_connection.py - POST http://localhost:53357/session/de73fc4efc91678e063d0f4ac4e75814/element/f.6794D8CB4487285B087CB4BB32F8D1A0.d.26F1506A5B249F04A69C7F193A79E5EA.e.58/value {'text': 'C', 'value': ['C']}
2025-06-12 22:25:47,926 [DEBUG] connectionpool.py - http://localhost:53357 "POST /session/de73fc4efc91678e063d0f4ac4e75814/element/f.6794D8CB4487285B087CB4BB32F8D1A0.d.26F1506A5B249F04A69C7F193A79E5EA.e.58/value HTTP/1.1" 200 0
2025-06-12 22:25:47,926 [DEBUG] remote_connection.py - Remote response: status=200 | data={"value":null} | headers=HTTPHeaderDict({'Content-Length': '14', 'Content-Type': 'application/json; charset=utf-8', 'cache-control': 'no-cache'})
2025-06-12 22:25:47,926 [DEBUG] remote_connection.py - Finished Request
2025-06-12 22:25:48,027 [DEBUG] remote_connection.py - POST http://localhost:53357/session/de73fc4efc91678e063d0f4ac4e75814/element/f.6794D8CB4487285B087CB4BB32F8D1A0.d.26F1506A5B249F04A69C7F193A79E5EA.e.58/value {'text': 'A', 'value': ['A']}
2025-06-12 22:25:48,059 [DEBUG] connectionpool.py - http://localhost:53357 "POST /session/de73fc4efc91678e063d0f4ac4e75814/element/f.6794D8CB4487285B087CB4BB32F8D1A0.d.26F1506A5B249F04A69C7F193A79E5EA.e.58/value HTTP/1.1" 200 0
2025-06-12 22:25:48,059 [DEBUG] remote_connection.py - Remote response: status=200 | data={"value":null} | headers=HTTPHeaderDict({'Content-Length': '14', 'Content-Type': 'application/json; charset=utf-8', 'cache-control': 'no-cache'})
2025-06-12 22:25:48,060 [DEBUG] remote_connection.py - Finished Request
2025-06-12 22:25:48,160 [DEBUG] scraper.py - Typing city: San Jose, CA
2025-06-12 22:25:48,161 [DEBUG] remote_connection.py - POST http://localhost:53357/session/de73fc4efc91678e063d0f4ac4e75814/elements {'using': 'css selector', 'value': '#whereComponent .dropdown-menu .dropdown-item'}
2025-06-12 22:25:48,175 [DEBUG] connectionpool.py - http://localhost:53357 "POST /session/de73fc4efc91678e063d0f4ac4e75814/elements HTTP/1.1" 200 0
2025-06-12 22:25:48,176 [DEBUG] remote_connection.py - Remote response: status=200 | data={"value":[{"element-6066-11e4-a52e-4f735466cecf":"f.6794D8CB4487285B087CB4BB32F8D1A0.d.26F1506A5B249F04A69C7F193A79E5EA.e.254"},{"element-6066-11e4-a52e-4f735466cecf":"f.6794D8CB4487285B087CB4BB32F8D1A0.d.26F1506A5B249F04A69C7F193A79E5EA.e.255"},{"element-6066-11e4-a52e-4f735466cecf":"f.6794D8CB4487285B087CB4BB32F8D1A0.d.26F1506A5B249F04A69C7F193A79E5EA.e.256"},{"element-6066-11e4-a52e-4f735466cecf":"f.6794D8CB4487285B087CB4BB32F8D1A0.d.26F1506A5B249F04A69C7F193A79E5EA.e.257"},{"element-6066-11e4-a52e-4f735466cecf":"f.6794D8CB4487285B087CB4BB32F8D1A0.d.26F1506A5B249F04A69C7F193A79E5EA.e.258"},{"element-6066-11e4-a52e-4f735466cecf":"f.6794D8CB4487285B087CB4BB32F8D1A0.d.26F1506A5B249F04A69C7F193A79E5EA.e.259"},{"element-6066-11e4-a52e-4f735466cecf":"f.6794D8CB4487285B087CB4BB32F8D1A0.d.26F1506A5B249F04A69C7F193A79E5EA.e.260"}]} | headers=HTTPHeaderDict({'Content-Length': '837', 'Content-Type': 'application/json; charset=utf-8', 'cache-control': 'no-cache'})
2025-06-12 22:25:48,176 [DEBUG] remote_connection.py - Finished Request
2025-06-12 22:25:48,176 [DEBUG] remote_connection.py - POST http://localhost:53357/session/de73fc4efc91678e063d0f4ac4e75814/execute/sync {'script': '/* isDisplayed */return (function(){return (function(){var g=this||self;\nfunction aa(a){var b=typeof...', 'args': [{'element-6066-11e4-a52e-4f735466cecf': 'f.6794D8CB4487285B087CB4BB32F8D1A0.d.26F1506A5B249F04A69C7F193A79E5EA.e.254'}]}
2025-06-12 22:25:48,184 [DEBUG] connectionpool.py - http://localhost:53357 "POST /session/de73fc4efc91678e063d0f4ac4e75814/execute/sync HTTP/1.1" 200 0
2025-06-12 22:25:48,185 [DEBUG] remote_connection.py - Remote response: status=200 | data={"value":true} | headers=HTTPHeaderDict({'Content-Length': '14', 'Content-Type': 'application/json; charset=utf-8', 'cache-control': 'no-cache'})
2025-06-12 22:25:48,185 [DEBUG] remote_connection.py - Finished Request
2025-06-12 22:25:48,185 [DEBUG] remote_connection.py - POST http://localhost:53357/session/de73fc4efc91678e063d0f4ac4e75814/execute/sync {'script': '/* isDisplayed */return (function(){return (function(){var g=this||self;\nfunction aa(a){var b=typeof...', 'args': [{'element-6066-11e4-a52e-4f735466cecf': 'f.6794D8CB4487285B087CB4BB32F8D1A0.d.26F1506A5B249F04A69C7F193A79E5EA.e.255'}]}
2025-06-12 22:25:48,190 [DEBUG] connectionpool.py - http://localhost:53357 "POST /session/de73fc4efc91678e063d0f4ac4e75814/execute/sync HTTP/1.1" 200 0
2025-06-12 22:25:48,191 [DEBUG] remote_connection.py - Remote response: status=200 | data={"value":true} | headers=HTTPHeaderDict({'Content-Length': '14', 'Content-Type': 'application/json; charset=utf-8', 'cache-control': 'no-cache'})
2025-06-12 22:25:48,191 [DEBUG] remote_connection.py - Finished Request
2025-06-12 22:25:48,191 [DEBUG] remote_connection.py - POST http://localhost:53357/session/de73fc4efc91678e063d0f4ac4e75814/execute/sync {'script': '/* isDisplayed */return (function(){return (function(){var g=this||self;\nfunction aa(a){var b=typeof...', 'args': [{'element-6066-11e4-a52e-4f735466cecf': 'f.6794D8CB4487285B087CB4BB32F8D1A0.d.26F1506A5B249F04A69C7F193A79E5EA.e.256'}]}
2025-06-12 22:25:48,197 [DEBUG] connectionpool.py - http://localhost:53357 "POST /session/de73fc4efc91678e063d0f4ac4e75814/execute/sync HTTP/1.1" 200 0
2025-06-12 22:25:48,197 [DEBUG] remote_connection.py - Remote response: status=200 | data={"value":true} | headers=HTTPHeaderDict({'Content-Length': '14', 'Content-Type': 'application/json; charset=utf-8', 'cache-control': 'no-cache'})
2025-06-12 22:25:48,197 [DEBUG] remote_connection.py - Finished Request
2025-06-12 22:25:48,198 [DEBUG] remote_connection.py - POST http://localhost:53357/session/de73fc4efc91678e063d0f4ac4e75814/execute/sync {'script': '/* isDisplayed */return (function(){return (function(){var g=this||self;\nfunction aa(a){var b=typeof...', 'args': [{'element-6066-11e4-a52e-4f735466cecf': 'f.6794D8CB4487285B087CB4BB32F8D1A0.d.26F1506A5B249F04A69C7F193A79E5EA.e.257'}]}
2025-06-12 22:25:48,204 [DEBUG] connectionpool.py - http://localhost:53357 "POST /session/de73fc4efc91678e063d0f4ac4e75814/execute/sync HTTP/1.1" 200 0
2025-06-12 22:25:48,204 [DEBUG] remote_connection.py - Remote response: status=200 | data={"value":true} | headers=HTTPHeaderDict({'Content-Length': '14', 'Content-Type': 'application/json; charset=utf-8', 'cache-control': 'no-cache'})
2025-06-12 22:25:48,204 [DEBUG] remote_connection.py - Finished Request
2025-06-12 22:25:48,205 [DEBUG] remote_connection.py - POST http://localhost:53357/session/de73fc4efc91678e063d0f4ac4e75814/execute/sync {'script': '/* isDisplayed */return (function(){return (function(){var g=this||self;\nfunction aa(a){var b=typeof...', 'args': [{'element-6066-11e4-a52e-4f735466cecf': 'f.6794D8CB4487285B087CB4BB32F8D1A0.d.26F1506A5B249F04A69C7F193A79E5EA.e.258'}]}
2025-06-12 22:25:48,210 [DEBUG] connectionpool.py - http://localhost:53357 "POST /session/de73fc4efc91678e063d0f4ac4e75814/execute/sync HTTP/1.1" 200 0
2025-06-12 22:25:48,210 [DEBUG] remote_connection.py - Remote response: status=200 | data={"value":true} | headers=HTTPHeaderDict({'Content-Length': '14', 'Content-Type': 'application/json; charset=utf-8', 'cache-control': 'no-cache'})
2025-06-12 22:25:48,210 [DEBUG] remote_connection.py - Finished Request
2025-06-12 22:25:48,211 [DEBUG] remote_connection.py - POST http://localhost:53357/session/de73fc4efc91678e063d0f4ac4e75814/execute/sync {'script': '/* isDisplayed */return (function(){return (function(){var g=this||self;\nfunction aa(a){var b=typeof...', 'args': [{'element-6066-11e4-a52e-4f735466cecf': 'f.6794D8CB4487285B087CB4BB32F8D1A0.d.26F1506A5B249F04A69C7F193A79E5EA.e.259'}]}
2025-06-12 22:25:48,216 [DEBUG] connectionpool.py - http://localhost:53357 "POST /session/de73fc4efc91678e063d0f4ac4e75814/execute/sync HTTP/1.1" 200 0
2025-06-12 22:25:48,216 [DEBUG] remote_connection.py - Remote response: status=200 | data={"value":true} | headers=HTTPHeaderDict({'Content-Length': '14', 'Content-Type': 'application/json; charset=utf-8', 'cache-control': 'no-cache'})
2025-06-12 22:25:48,217 [DEBUG] remote_connection.py - Finished Request
2025-06-12 22:25:48,217 [DEBUG] remote_connection.py - POST http://localhost:53357/session/de73fc4efc91678e063d0f4ac4e75814/execute/sync {'script': '/* isDisplayed */return (function(){return (function(){var g=this||self;\nfunction aa(a){var b=typeof...', 'args': [{'element-6066-11e4-a52e-4f735466cecf': 'f.6794D8CB4487285B087CB4BB32F8D1A0.d.26F1506A5B249F04A69C7F193A79E5EA.e.260'}]}
2025-06-12 22:25:48,222 [DEBUG] connectionpool.py - http://localhost:53357 "POST /session/de73fc4efc91678e063d0f4ac4e75814/execute/sync HTTP/1.1" 200 0
2025-06-12 22:25:48,222 [DEBUG] remote_connection.py - Remote response: status=200 | data={"value":true} | headers=HTTPHeaderDict({'Content-Length': '14', 'Content-Type': 'application/json; charset=utf-8', 'cache-control': 'no-cache'})
2025-06-12 22:25:48,222 [DEBUG] remote_connection.py - Finished Request
2025-06-12 22:25:48,222 [DEBUG] remote_connection.py - POST http://localhost:53357/session/de73fc4efc91678e063d0f4ac4e75814/elements {'using': 'css selector', 'value': '#whereComponent .dropdown-menu .dropdown-item'}
2025-06-12 22:25:48,228 [DEBUG] connectionpool.py - http://localhost:53357 "POST /session/de73fc4efc91678e063d0f4ac4e75814/elements HTTP/1.1" 200 0
2025-06-12 22:25:48,229 [DEBUG] remote_connection.py - Remote response: status=200 | data={"value":[{"element-6066-11e4-a52e-4f735466cecf":"f.6794D8CB4487285B087CB4BB32F8D1A0.d.26F1506A5B249F04A69C7F193A79E5EA.e.254"},{"element-6066-11e4-a52e-4f735466cecf":"f.6794D8CB4487285B087CB4BB32F8D1A0.d.26F1506A5B249F04A69C7F193A79E5EA.e.255"},{"element-6066-11e4-a52e-4f735466cecf":"f.6794D8CB4487285B087CB4BB32F8D1A0.d.26F1506A5B249F04A69C7F193A79E5EA.e.256"},{"element-6066-11e4-a52e-4f735466cecf":"f.6794D8CB4487285B087CB4BB32F8D1A0.d.26F1506A5B249F04A69C7F193A79E5EA.e.257"},{"element-6066-11e4-a52e-4f735466cecf":"f.6794D8CB4487285B087CB4BB32F8D1A0.d.26F1506A5B249F04A69C7F193A79E5EA.e.258"},{"element-6066-11e4-a52e-4f735466cecf":"f.6794D8CB4487285B087CB4BB32F8D1A0.d.26F1506A5B249F04A69C7F193A79E5EA.e.259"},{"element-6066-11e4-a52e-4f735466cecf":"f.6794D8CB4487285B087CB4BB32F8D1A0.d.26F1506A5B249F04A69C7F193A79E5EA.e.260"}]} | headers=HTTPHeaderDict({'Content-Length': '837', 'Content-Type': 'application/json; charset=utf-8', 'cache-control': 'no-cache'})
2025-06-12 22:25:48,229 [DEBUG] remote_connection.py - Finished Request
2025-06-12 22:25:48,229 [DEBUG] scraper.py - Dropdown items found: 7
2025-06-12 22:25:48,229 [DEBUG] remote_connection.py - GET http://localhost:53357/session/de73fc4efc91678e063d0f4ac4e75814/element/f.6794D8CB4487285B087CB4BB32F8D1A0.d.26F1506A5B249F04A69C7F193A79E5EA.e.254/text {}
2025-06-12 22:25:48,240 [DEBUG] connectionpool.py - http://localhost:53357 "GET /session/de73fc4efc91678e063d0f4ac4e75814/element/f.6794D8CB4487285B087CB4BB32F8D1A0.d.26F1506A5B249F04A69C7F193A79E5EA.e.254/text HTTP/1.1" 200 0
2025-06-12 22:25:48,241 [DEBUG] remote_connection.py - Remote response: status=200 | data={"value":"San Jose, CA, USA"} | headers=HTTPHeaderDict({'Content-Length': '29', 'Content-Type': 'application/json; charset=utf-8', 'cache-control': 'no-cache'})
2025-06-12 22:25:48,241 [DEBUG] remote_connection.py - Finished Request
2025-06-12 22:25:48,241 [DEBUG] scraper.py - Item: San Jose, CA, USA
2025-06-12 22:25:48,241 [DEBUG] remote_connection.py - GET http://localhost:53357/session/de73fc4efc91678e063d0f4ac4e75814/element/f.6794D8CB4487285B087CB4BB32F8D1A0.d.26F1506A5B249F04A69C7F193A79E5EA.e.254/text {}
2025-06-12 22:25:48,247 [DEBUG] connectionpool.py - http://localhost:53357 "GET /session/de73fc4efc91678e063d0f4ac4e75814/element/f.6794D8CB4487285B087CB4BB32F8D1A0.d.26F1506A5B249F04A69C7F193A79E5EA.e.254/text HTTP/1.1" 200 0
2025-06-12 22:25:48,247 [DEBUG] remote_connection.py - Remote response: status=200 | data={"value":"San Jose, CA, USA"} | headers=HTTPHeaderDict({'Content-Length': '29', 'Content-Type': 'application/json; charset=utf-8', 'cache-control': 'no-cache'})
2025-06-12 22:25:48,248 [DEBUG] remote_connection.py - Finished Request
2025-06-12 22:25:48,248 [DEBUG] remote_connection.py - POST http://localhost:53357/session/de73fc4efc91678e063d0f4ac4e75814/element/f.6794D8CB4487285B087CB4BB32F8D1A0.d.26F1506A5B249F04A69C7F193A79E5EA.e.254/click {}
2025-06-12 22:25:48,293 [DEBUG] connectionpool.py - http://localhost:53357 "POST /session/de73fc4efc91678e063d0f4ac4e75814/element/f.6794D8CB4487285B087CB4BB32F8D1A0.d.26F1506A5B249F04A69C7F193A79E5EA.e.254/click HTTP/1.1" 200 0
2025-06-12 22:25:48,293 [DEBUG] remote_connection.py - Remote response: status=200 | data={"value":null} | headers=HTTPHeaderDict({'Content-Length': '14', 'Content-Type': 'application/json; charset=utf-8', 'cache-control': 'no-cache'})
2025-06-12 22:25:48,293 [DEBUG] remote_connection.py - Finished Request
2025-06-12 22:25:50,295 [DEBUG] remote_connection.py - POST http://localhost:53357/session/de73fc4efc91678e063d0f4ac4e75814/element {'using': 'css selector', 'value': '#whereComponent .badge'}
2025-06-12 22:25:50,321 [DEBUG] connectionpool.py - http://localhost:53357 "POST /session/de73fc4efc91678e063d0f4ac4e75814/element HTTP/1.1" 200 0
2025-06-12 22:25:50,321 [DEBUG] remote_connection.py - Remote response: status=200 | data={"value":{"element-6066-11e4-a52e-4f735466cecf":"f.6794D8CB4487285B087CB4BB32F8D1A0.d.26F1506A5B249F04A69C7F193A79E5EA.e.263"}} | headers=HTTPHeaderDict({'Content-Length': '127', 'Content-Type': 'application/json; charset=utf-8', 'cache-control': 'no-cache'})
2025-06-12 22:25:50,322 [DEBUG] remote_connection.py - Finished Request
2025-06-12 22:25:50,322 [DEBUG] remote_connection.py - POST http://localhost:53357/session/de73fc4efc91678e063d0f4ac4e75814/execute/sync {'script': '/* isDisplayed */return (function(){return (function(){var g=this||self;\nfunction aa(a){var b=typeof...', 'args': [{'element-6066-11e4-a52e-4f735466cecf': 'f.6794D8CB4487285B087CB4BB32F8D1A0.d.26F1506A5B249F04A69C7F193A79E5EA.e.263'}]}
2025-06-12 22:25:50,333 [DEBUG] connectionpool.py - http://localhost:53357 "POST /session/de73fc4efc91678e063d0f4ac4e75814/execute/sync HTTP/1.1" 200 0
2025-06-12 22:25:50,333 [DEBUG] remote_connection.py - Remote response: status=200 | data={"value":true} | headers=HTTPHeaderDict({'Content-Length': '14', 'Content-Type': 'application/json; charset=utf-8', 'cache-control': 'no-cache'})
2025-06-12 22:25:50,333 [DEBUG] remote_connection.py - Finished Request
2025-06-12 22:25:50,334 [DEBUG] remote_connection.py - GET http://localhost:53357/session/de73fc4efc91678e063d0f4ac4e75814/element/f.6794D8CB4487285B087CB4BB32F8D1A0.d.26F1506A5B249F04A69C7F193A79E5EA.e.263/text {}
2025-06-12 22:25:50,340 [DEBUG] connectionpool.py - http://localhost:53357 "GET /session/de73fc4efc91678e063d0f4ac4e75814/element/f.6794D8CB4487285B087CB4BB32F8D1A0.d.26F1506A5B249F04A69C7F193A79E5EA.e.263/text HTTP/1.1" 200 0
2025-06-12 22:25:50,341 [DEBUG] remote_connection.py - Remote response: status=200 | data={"value":"37.536,-122.089,37.134,-121.687"} | headers=HTTPHeaderDict({'Content-Length': '43', 'Content-Type': 'application/json; charset=utf-8', 'cache-control': 'no-cache'})
2025-06-12 22:25:50,341 [DEBUG] remote_connection.py - Finished Request
2025-06-12 22:25:50,341 [INFO] scraper.py - Location badge confirmed: 37.536,-122.089,37.134,-121.687
2025-06-12 22:25:50,341 [DEBUG] remote_connection.py - POST http://localhost:53357/session/de73fc4efc91678e063d0f4ac4e75814/element {'using': 'css selector', 'value': '.alert.alert-info'}
2025-06-12 22:25:50,351 [DEBUG] connectionpool.py - http://localhost:53357 "POST /session/de73fc4efc91678e063d0f4ac4e75814/element HTTP/1.1" 200 0
2025-06-12 22:25:50,351 [DEBUG] remote_connection.py - Remote response: status=200 | data={"value":{"element-6066-11e4-a52e-4f735466cecf":"f.6794D8CB4487285B087CB4BB32F8D1A0.d.26F1506A5B249F04A69C7F193A79E5EA.e.264"}} | headers=HTTPHeaderDict({'Content-Length': '127', 'Content-Type': 'application/json; charset=utf-8', 'cache-control': 'no-cache'})
2025-06-12 22:25:50,351 [DEBUG] remote_connection.py - Finished Request
2025-06-12 22:25:50,352 [DEBUG] remote_connection.py - GET http://localhost:53357/session/de73fc4efc91678e063d0f4ac4e75814/element/f.6794D8CB4487285B087CB4BB32F8D1A0.d.26F1506A5B249F04A69C7F193A79E5EA.e.264/text {}
2025-06-12 22:25:50,358 [DEBUG] connectionpool.py - http://localhost:53357 "GET /session/de73fc4efc91678e063d0f4ac4e75814/element/f.6794D8CB4487285B087CB4BB32F8D1A0.d.26F1506A5B249F04A69C7F193A79E5EA.e.264/text HTTP/1.1" 200 0
2025-06-12 22:25:50,359 [DEBUG] remote_connection.py - Remote response: status=200 | data={"value":"No search results were found based on your criteria"} | headers=HTTPHeaderDict({'Content-Length': '63', 'Content-Type': 'application/json; charset=utf-8', 'cache-control': 'no-cache'})
2025-06-12 22:25:50,359 [DEBUG] remote_connection.py - Finished Request
2025-06-12 22:25:50,359 [DEBUG] scraper.py - Alert message element text: No search results were found based on your criteria
2025-06-12 22:25:50,359 [DEBUG] remote_connection.py - GET http://localhost:53357/session/de73fc4efc91678e063d0f4ac4e75814/element/f.6794D8CB4487285B087CB4BB32F8D1A0.d.26F1506A5B249F04A69C7F193A79E5EA.e.264/text {}
2025-06-12 22:25:50,367 [DEBUG] connectionpool.py - http://localhost:53357 "GET /session/de73fc4efc91678e063d0f4ac4e75814/element/f.6794D8CB4487285B087CB4BB32F8D1A0.d.26F1506A5B249F04A69C7F193A79E5EA.e.264/text HTTP/1.1" 200 0
2025-06-12 22:25:50,368 [DEBUG] remote_connection.py - Remote response: status=200 | data={"value":"No search results were found based on your criteria"} | headers=HTTPHeaderDict({'Content-Length': '63', 'Content-Type': 'application/json; charset=utf-8', 'cache-control': 'no-cache'})
2025-06-12 22:25:50,368 [DEBUG] remote_connection.py - Finished Request
2025-06-12 22:25:50,368 [WARNING] scraper.py - No search results were found based on your criteria
2025-06-12 22:25:50,368 [DEBUG] scraper.py - Returning error message instead of CSV URL
2025-06-12 22:25:50,369 [DEBUG] remote_connection.py - DELETE http://localhost:53357/session/de73fc4efc91678e063d0f4ac4e75814 {}
2025-06-12 22:25:50,407 [DEBUG] connectionpool.py - http://localhost:53357 "DELETE /session/de73fc4efc91678e063d0f4ac4e75814 HTTP/1.1" 200 0
2025-06-12 22:25:50,407 [DEBUG] remote_connection.py - Remote response: status=200 | data={"value":null} | headers=HTTPHeaderDict({'Content-Length': '14', 'Content-Type': 'application/json; charset=utf-8', 'cache-control': 'no-cache'})
2025-06-12 22:25:50,407 [DEBUG] remote_connection.py - Finished Request
2025-06-12 22:25:52,506 [INFO] scraper.py - WebDriver closed.
2025-06-12 22:25:52,506 [WARNING] dashboard.py - CSV URL invalid or error message received: No search results were found based on your criteria
2025-06-12 22:28:56,200 [INFO] dashboard.py - [APP] Initializing Dash NOAA Weather Dashboard...
2025-06-12 22:28:57,236 [INFO] dashboard.py - Download button clicked: n_clicks=3
2025-06-12 22:28:57,237 [INFO] dashboard.py - Starting CSV download for city='San Jose, CA', data_type='TAVG', start_date='None', end_date='None'
2025-06-12 22:28:58,655 [INFO] scraper.py - Chrome WebDriver initialized.
2025-06-12 22:28:58,656 [INFO] scraper.py - Scraping started for city: San Jose, CA, type: TAVG
2025-06-12 22:28:58,656 [INFO] scraper.py - [DEBUG] Called scrape_and_download with: city=San Jose, CA, type=TAVG, start=None, end=None
2025-06-12 22:29:03,816 [INFO] scraper.py - Typing city: San Jose, CA
2025-06-12 22:29:03,871 [INFO] scraper.py - Dropdown items found: 7
2025-06-12 22:29:05,961 [INFO] scraper.py - Location badge confirmed: 37.536,-122.089,37.134,-121.687
2025-06-12 22:29:05,983 [WARNING] scraper.py - No search results were found based on your criteria
2025-06-12 22:29:08,113 [INFO] scraper.py - WebDriver closed.
2025-06-12 22:29:08,113 [WARNING] dashboard.py - CSV URL invalid or error message received: No search results were found based on your criteria
2025-06-12 22:31:08,258 [INFO] dashboard.py - [APP] Initializing Dash NOAA Weather Dashboard...
2025-06-12 22:31:09,471 [INFO] dashboard.py - Download button clicked: n_clicks=4
2025-06-12 22:31:09,472 [INFO] dashboard.py - Starting CSV download for city='San Jose, CA', data_type='TAVG', start_date='None', end_date='None'
2025-06-12 22:31:10,911 [INFO] scraper.py - Chrome WebDriver initialized.
2025-06-12 22:31:10,911 [INFO] scraper.py - Scraping started for city: San Jose, CA, type: TAVG
2025-06-12 22:31:10,911 [INFO] scraper.py - [DEBUG] Called scrape_and_download with: city=San Jose, CA, type=TAVG, start=None, end=None
2025-06-12 22:31:16,088 [INFO] scraper.py - Typing city: San Jose, CA
2025-06-12 22:31:16,144 [INFO] scraper.py - Dropdown items found: 7
2025-06-12 22:31:18,249 [INFO] scraper.py - Location badge confirmed: 37.536,-122.089,37.134,-121.687
2025-06-12 22:31:18,271 [WARNING] scraper.py - No search results were found based on your criteria
2025-06-12 22:31:20,409 [INFO] scraper.py - WebDriver closed.
2025-06-12 22:31:20,409 [WARNING] dashboard.py - CSV URL invalid or error message received: No search results were found based on your criteria
2025-06-12 22:33:47,383 [INFO] dashboard.py - [APP] Initializing Dash NOAA Weather Dashboard...
2025-06-12 22:33:47,470 [INFO] dashboard.py - Download button clicked: n_clicks=5
2025-06-12 22:33:47,471 [INFO] dashboard.py - Starting CSV download for city='San Jose, CA', data_type='TAVG', start_date='None', end_date='None'
2025-06-12 22:33:48,907 [INFO] scraper.py - Chrome WebDriver initialized.
2025-06-12 22:33:48,908 [INFO] scraper.py - Scraping started for city: San Jose, CA, type: TAVG
2025-06-12 22:33:48,908 [INFO] scraper.py - Logger effective level: INFO
2025-06-12 22:33:48,908 [INFO] scraper.py - [DEBUG] Called scrape_and_download with: city=San Jose, CA, type=TAVG, start=None, end=None
2025-06-12 22:33:54,008 [INFO] scraper.py - Typing city: San Jose, CA
2025-06-12 22:33:54,058 [INFO] scraper.py - Dropdown items found: 7
2025-06-12 22:33:56,147 [INFO] scraper.py - Location badge confirmed: 37.536,-122.089,37.134,-121.687
2025-06-12 22:33:56,173 [WARNING] scraper.py - No search results were found based on your criteria
2025-06-12 22:33:58,350 [INFO] scraper.py - WebDriver closed.
2025-06-12 22:33:58,351 [WARNING] dashboard.py - CSV URL invalid or error message received: No search results were found based on your criteria
2025-06-12 22:35:15,910 [INFO] dashboard.py - [APP] Initializing Dash NOAA Weather Dashboard...
2025-06-12 22:35:19,011 [INFO] dashboard.py - Download button clicked: n_clicks=6
2025-06-12 22:35:19,011 [INFO] dashboard.py - Starting CSV download for city='San Jose, CA', data_type='TAVG', start_date='None', end_date='None'
2025-06-12 22:35:20,407 [INFO] scraper.py - Chrome WebDriver initialized.
2025-06-12 22:35:20,407 [INFO] scraper.py - Scraping started for city: San Jose, CA, type: TAVG
2025-06-12 22:35:20,408 [INFO] scraper.py - Logger effective level: INFO
2025-06-12 22:35:20,408 [INFO] scraper.py - [DEBUG] Called scrape_and_download with: city=San Jose, CA, type=TAVG, start=None, end=None
2025-06-12 22:35:26,130 [INFO] scraper.py - Typing city: San Jose, CA
2025-06-12 22:35:26,187 [INFO] scraper.py - Dropdown items found: 7
2025-06-12 22:35:28,306 [INFO] scraper.py - Location badge confirmed: 37.536,-122.089,37.134,-121.687
2025-06-12 22:35:28,334 [WARNING] scraper.py - No search results were found based on your criteria
2025-06-12 22:35:30,453 [INFO] scraper.py - WebDriver closed.
2025-06-12 22:35:30,454 [WARNING] dashboard.py - CSV URL invalid or error message received: No search results were found based on your criteria
2025-06-12 22:37:16,870 [INFO] dashboard.py - [APP] Initializing Dash NOAA Weather Dashboard...
2025-06-13 15:38:12,763 [INFO] dashboard.py - [APP] Initializing Dash NOAA Weather Dashboard...
2025-06-13 15:38:12,783 [INFO] dash.py - Dash is running on http://0.0.0.0:8050/

2025-06-13 15:38:14,161 [INFO] dashboard.py - [APP] Initializing Dash NOAA Weather Dashboard...
2025-06-13 15:38:49,245 [INFO] dashboard.py - [APP] Initializing Dash NOAA Weather Dashboard...
2025-06-13 15:38:50,886 [INFO] dashboard.py - [DEBUG] update_visualization_controls - Visualization controls callback triggered!
2025-06-13 15:38:50,948 [INFO] dashboard.py - [DEBUG] update_charts called
2025-06-13 15:38:50,948 [WARNING] dashboard.py - No data received; preventing update
2025-06-13 15:38:57,078 [INFO] dashboard.py - [DEBUG] update_visualization_controls - Visualization controls callback triggered!
2025-06-13 15:38:57,125 [INFO] dashboard.py - [DEBUG] update_charts called
2025-06-13 15:38:57,127 [WARNING] dashboard.py - No data received; preventing update
2025-06-13 15:39:21,877 [INFO] dashboard.py - [DEBUG] update_charts called
2025-06-13 15:39:21,878 [WARNING] dashboard.py - No data received; preventing update
2025-06-13 15:39:24,481 [INFO] dashboard.py - Download button clicked: n_clicks=1
2025-06-13 15:39:24,481 [INFO] dashboard.py - Starting CSV download for city='San Jose, CA', data_type='TSUN', start_date='None', end_date='None'
2025-06-13 15:39:25,619 [INFO] scraper.py - Chrome WebDriver initialized.
2025-06-13 15:39:25,620 [INFO] scraper.py - Scraping started for city: San Jose, CA, type: TSUN
2025-06-13 15:39:25,620 [INFO] scraper.py - Logger effective level: INFO
2025-06-13 15:39:25,620 [INFO] scraper.py - [DEBUG] Called scrape_and_download with: city=San Jose, CA, type=TSUN, start=None, end=None
2025-06-13 15:39:31,547 [INFO] scraper.py - Typing city: San Jose, CA
2025-06-13 15:39:31,598 [INFO] scraper.py - Dropdown items found: 7
2025-06-13 15:39:33,685 [INFO] scraper.py - Location badge confirmed: 37.536,-122.089,37.134,-121.687
2025-06-13 15:39:33,740 [INFO] scraper.py - CSV download URL: https://www.ncei.noaa.gov/data/daily-summaries/access/USW00013880.csv
2025-06-13 15:39:33,741 [INFO] scraper.py - Downloading CSV: USW00013880.csv
2025-06-13 15:39:41,534 [INFO] scraper.py - Saved CSV to: data\USW00013880.csv
2025-06-13 15:39:47,751 [WARNING] connectionpool.py - Retrying (Retry(total=2, connect=None, read=None, redirect=None, status=None)) after connection broken by 'NewConnectionError('<urllib3.connection.HTTPConnection object at 0x00000120E4DC3980>: Failed to establish a new connection: [WinError 10061] No connection could be made because the target machine actively refused it')': /session/6512035beb27c3276f1ef2a5e1015967
2025-06-13 15:39:50,525 [INFO] dashboard.py - [DASHBOARD] update_dashboard triggered
2025-06-13 15:39:50,526 [INFO] dashboard.py - n_clicks 1, City: San Jose, CA, Data type: TSUN, Start date: None, End date: None
2025-06-13 15:39:51,634 [INFO] scraper.py - Chrome WebDriver initialized.
2025-06-13 15:39:51,634 [INFO] scraper.py - Scraping started for city: San Jose, CA, type: TSUN
2025-06-13 15:39:51,634 [INFO] scraper.py - Logger effective level: INFO
2025-06-13 15:39:51,634 [INFO] scraper.py - [DEBUG] Called scrape_and_download with: city=San Jose, CA, type=TSUN, start=None, end=None
2025-06-13 15:39:51,812 [WARNING] connectionpool.py - Retrying (Retry(total=1, connect=None, read=None, redirect=None, status=None)) after connection broken by 'NewConnectionError('<urllib3.connection.HTTPConnection object at 0x00000120E4DF8DA0>: Failed to establish a new connection: [WinError 10061] No connection could be made because the target machine actively refused it')': /session/6512035beb27c3276f1ef2a5e1015967
2025-06-13 15:39:55,898 [WARNING] connectionpool.py - Retrying (Retry(total=0, connect=None, read=None, redirect=None, status=None)) after connection broken by 'NewConnectionError('<urllib3.connection.HTTPConnection object at 0x00000120E4DFABD0>: Failed to establish a new connection: [WinError 10061] No connection could be made because the target machine actively refused it')': /session/6512035beb27c3276f1ef2a5e1015967
2025-06-13 15:39:57,009 [INFO] scraper.py - Typing city: San Jose, CA
2025-06-13 15:39:57,061 [INFO] scraper.py - Dropdown items found: 7
2025-06-13 15:39:59,181 [INFO] scraper.py - Location badge confirmed: 37.536,-122.089,37.134,-121.687
2025-06-13 15:39:59,239 [INFO] scraper.py - CSV download URL: https://www.ncei.noaa.gov/data/daily-summaries/access/USW00023293.csv
2025-06-13 15:39:59,239 [INFO] scraper.py - Downloading CSV: USW00023293.csv
2025-06-13 15:39:59,963 [INFO] scraper.py - WebDriver closed.
2025-06-13 15:39:59,964 [INFO] dashboard.py - CSV downloaded successfully: https://www.ncei.noaa.gov/data/daily-summaries/access/USW00013880.csv
2025-06-13 15:40:02,379 [INFO] scraper.py - Saved CSV to: data\USW00023293.csv
2025-06-13 15:40:04,532 [INFO] cache.py - [CACHE] No cache file found for: San Jose, CA (TSUN)
2025-06-13 15:40:04,532 [INFO] dashboard.py - [DOWNLOAD] Reading CSV from URL: https://www.ncei.noaa.gov/data/daily-summaries/access/USW00023293.csv
2025-06-13 15:40:06,178 [INFO] cache.py - [CACHE] Data cached at: data/cache/8774a38860ac7d16f81e28b1a68153bf.csv
2025-06-13 15:40:06,178 [INFO] dashboard.py - [CACHE] Saved data to cache for San Jose, CA (TSUN)
2025-06-13 15:40:06,221 [INFO] dashboard.py - [DATA] Data loaded successfully with stations: ['SAN JOSE, CA US']
2025-06-13 15:40:06,287 [INFO] dashboard.py - [FILTER] Applying date filter: start=None, end=None
2025-06-13 15:40:06,288 [INFO] dashboard.py - [DATA] Unique stations extracted: ['SAN JOSE, CA US']
2025-06-13 15:40:09,698 [INFO] dashboard.py - [DEBUG] update_visualization_controls - Visualization controls callback triggered!
2025-06-13 15:40:09,698 [INFO] dashboard.py - Data received: 9837 records
2025-06-13 15:40:09,963 [INFO] dashboard.py - Using date column: DATE
2025-06-13 15:40:09,969 [INFO] dashboard.py - DataFrame columns: ['STATION', 'DATE', 'LATITUDE', 'LONGITUDE', 'ELEVATION', 'NAME', 'PRCP', 'PRCP_ATTRIBUTES', 'SNOW', 'SNOW_ATTRIBUTES', 'SNWD', 'SNWD_ATTRIBUTES', 'TMAX', 'TMAX_ATTRIBUTES', 'TMIN', 'TMIN_ATTRIBUTES', 'ADPT', 'ADPT_ATTRIBUTES', 'ASLP', 'ASLP_ATTRIBUTES', 'ASTP', 'ASTP_ATTRIBUTES', 'AWBT', 'AWBT_ATTRIBUTES', 'AWND', 'AWND_ATTRIBUTES', 'FMTM', 'FMTM_ATTRIBUTES', 'PGTM', 'PGTM_ATTRIBUTES', 'RHAV', 'RHAV_ATTRIBUTES', 'RHMN', 'RHMN_ATTRIBUTES', 'RHMX', 'RHMX_ATTRIBUTES', 'TAVG', 'TAVG_ATTRIBUTES', 'TSUN', 'TSUN_ATTRIBUTES', 'WDF2', 'WDF2_ATTRIBUTES', 'WDF5', 'WDF5_ATTRIBUTES', 'WSF2', 'WSF2_ATTRIBUTES', 'WSF5', 'WSF5_ATTRIBUTES', 'WT01', 'WT01_ATTRIBUTES', 'WT02', 'WT02_ATTRIBUTES', 'WT03', 'WT03_ATTRIBUTES', 'WT04', 'WT04_ATTRIBUTES', 'WT05', 'WT05_ATTRIBUTES', 'WT07', 'WT07_ATTRIBUTES', 'WT08', 'WT08_ATTRIBUTES', 'WT10', 'WT10_ATTRIBUTES', 'WT11', 'WT11_ATTRIBUTES', 'WT13', 'WT13_ATTRIBUTES', 'WT14', 'WT14_ATTRIBUTES', 'WT16', 'WT16_ATTRIBUTES', 'WT18', 'WT18_ATTRIBUTES', 'WT21', 'WT21_ATTRIBUTES', 'WV01', 'WV01_ATTRIBUTES', 'WV03', 'WV03_ATTRIBUTES']
2025-06-13 15:40:09,970 [INFO] dashboard.py - Date range from data: min_date=1998-07-04 00:00:00, max_date=2025-06-11 00:00:00
2025-06-13 15:40:09,971 [INFO] dashboard.py - City name: SAN JOSE, Stations found: ['SAN JOSE, CA US']
2025-06-13 15:40:09,972 [INFO] dashboard.py - Station options prepared: [{'label': 'SAN JOSE, CA US', 'value': 'SAN JOSE, CA US'}]
2025-06-13 15:40:09,973 [INFO] dashboard.py - Default station selected: SAN JOSE, CA US
2025-06-13 15:40:09,973 [INFO] dashboard.py - Updating visualization controls for city: SAN JOSE with stations: ['SAN JOSE, CA US']
2025-06-13 15:40:10,911 [INFO] dashboard.py - [DEBUG] update_charts called
2025-06-13 15:40:10,911 [INFO] dashboard.py - Data type: TSUN
2025-06-13 15:40:11,000 [INFO] dashboard.py - Data loaded into DataFrame with 9837 rows
2025-06-13 15:40:11,020 [INFO] dashboard.py - Filtered data by station 'SAN JOSE, CA US', rows: 9837
2025-06-13 15:40:11,029 [INFO] dashboard.py - Filtered data by date range, rows after filter: 9837
2025-06-13 15:40:11,031 [INFO] dashboard.py - Converted column TMIN to numeric
2025-06-13 15:40:11,031 [INFO] dashboard.py - Converted column TAVG to numeric
2025-06-13 15:40:11,032 [INFO] dashboard.py - Converted column TMAX to numeric
2025-06-13 15:40:11,032 [INFO] dashboard.py - Converted column PRCP to numeric
2025-06-13 15:40:11,032 [INFO] dashboard.py - Data type label: Daily total sunshine
2025-06-13 15:40:11,032 [INFO] dashboard.py - Temperature columns used for plot: ['TMIN', 'TAVG', 'TMAX']
2025-06-13 15:40:11,660 [INFO] dashboard.py - Updated charts for station 'SAN JOSE, CA US' between 1998-07-04 00:00:00 and 2025-06-11 00:00:00
2025-06-13 15:41:06,184 [INFO] dashboard.py - [APP] Initializing Dash NOAA Weather Dashboard...
2025-06-13 15:43:06,837 [INFO] dashboard.py - [APP] Initializing Dash NOAA Weather Dashboard...
